[2025-11-11 10:08:40] ๐น ุฅููุงู ุฃู ุนูููุงุช ูุฏููุฉ ๐น
[2025-11-11 10:08:41] ๐น ุชุดุบูู ุงูุณูุฑูุฑ ูngrok ๐น
[2025-11-11 10:09:40] ุฑุงุจุท ngrok: https://multisegmented-spiriferous-alesia.ngrok-free.dev
[2025-11-11 10:09:40] ๐น ุฅุนุงุฏุฉ ุชุดุบูู ุฌููุน ุฎุฏูุงุช PM2 ๐น
[2025-11-11 10:10:28] โ ูู ุดูุก ุงูุขู ูุนูู
[2025-11-11 10:10:39] ๐น ุฅููุงู ุฃู ุนูููุงุช ูุฏููุฉ ๐น
[2025-11-11 10:10:40] ๐น ุชุดุบูู ุงูุณูุฑูุฑ ูngrok ๐น
[2025-11-11 10:11:55] ุฑุงุจุท ngrok: https://multisegmented-spiriferous-alesia.ngrok-free.dev
[2025-11-11 10:11:55] ๐น ุฅุนุงุฏุฉ ุชุดุบูู ุฌููุน ุฎุฏูุงุช PM2 ๐น
[2025-11-11 10:12:41] โ ูู ุดูุก ุงูุขู ูุนูู
[2025-11-11 10:12:52] ๐น ุฅููุงู ุฃู ุนูููุงุช ูุฏููุฉ ๐น
[2025-11-11 10:12:53] ๐น ุชุดุบูู ุงูุณูุฑูุฑ ูngrok ๐น
[2025-11-11 10:13:58] ๐น ุฅุนุงุฏุฉ ุชุดุบูู ุฌููุน ุฎุฏูุงุช PM2 ๐น
[2025-11-11 10:14:42] โ ูู ุดูุก ุงูุขู ูุนูู
[2025-11-11 10:14:53] ๐น ุฅููุงู ุฃู ุนูููุงุช ูุฏููุฉ ๐น
[2025-11-11 10:14:54] ๐น ุชุดุบูู ุงูุณูุฑูุฑ ูngrok ๐น
[2025-11-11 10:16:04] ุฑุงุจุท ngrok: https://multisegmented-spiriferous-alesia.ngrok-free.dev
[2025-11-11 10:16:04] ๐น ุฅุนุงุฏุฉ ุชุดุบูู ุฌููุน ุฎุฏูุงุช PM2 ๐น
[2025-11-11 10:16:58] โ ูู ุดูุก ุงูุขู ูุนูู
[2025-11-11 10:17:09] ๐น ุฅููุงู ุฃู ุนูููุงุช ูุฏููุฉ ๐น
[2025-11-11 10:17:10] ๐น ุชุดุบูู ุงูุณูุฑูุฑ ูngrok ๐น
[2025-11-11 10:18:12] ุฑุงุจุท ngrok: https://multisegmented-spiriferous-alesia.ngrok-free.dev
[2025-11-11 10:18:12] ๐น ุฅุนุงุฏุฉ ุชุดุบูู ุฌููุน ุฎุฏูุงุช PM2 ๐น
[2025-11-11 10:19:52] โ ูู ุดูุก ุงูุขู ูุนูู
[2025-11-11 10:20:03] ๐น ุฅููุงู ุฃู ุนูููุงุช ูุฏููุฉ ๐น
[2025-11-11 10:20:05] ๐น ุชุดุบูู ุงูุณูุฑูุฑ ูngrok ๐น
[2025-11-11 13:55:16] ๐น ุฅููุงู ุฃู ุนูููุงุช ูุฏููุฉ ๐น
[2025-11-11 13:55:17] ๐น ุชุดุบูู ุงูุณูุฑูุฑ ูngrok ๐น
[2025-11-11 13:56:22] ๐น ุฅุนุงุฏุฉ ุชุดุบูู ุฌููุน ุฎุฏูุงุช PM2 ๐น
[2025-11-11 13:56:31] โ ูู ุดูุก ุงูุขู ูุนูู
[2025-11-11 13:56:42] ๐น ุฅููุงู ุฃู ุนูููุงุช ูุฏููุฉ ๐น
[2025-11-11 13:56:42] ๐น ุชุดุบูู ุงูุณูุฑูุฑ ูngrok ๐น
[2025-11-11 13:57:44] ๐น ุฅุนุงุฏุฉ ุชุดุบูู ุฌููุน ุฎุฏูุงุช PM2 ๐น
[2025-11-11 13:58:50] โ ูู ุดูุก ุงูุขู ูุนูู
[2025-11-11 13:59:03] ๐น ุฅููุงู ุฃู ุนูููุงุช ูุฏููุฉ ๐น
[2025-11-11 13:59:06] ๐น ุชุดุบูู ุงูุณูุฑูุฑ ูngrok ๐น
[2025-11-11 14:00:49] ๐น ุฅุนุงุฏุฉ ุชุดุบูู ุฌููุน ุฎุฏูุงุช PM2 ๐น
[2025-11-11 14:02:31] โ ูู ุดูุก ุงูุขู ูุนูู
[2025-11-11 14:03:02] ๐น ุฅููุงู ุฃู ุนูููุงุช ูุฏููุฉ ๐น
[2025-11-11 14:03:09] ๐น ุชุดุบูู ุงูุณูุฑูุฑ ูngrok ๐น
[2025-11-11 14:04:55] ๐น ุฅุนุงุฏุฉ ุชุดุบูู ุฌููุน ุฎุฏูุงุช PM2 ๐น
[2025-11-11 14:06:17] โ ูู ุดูุก ุงูุขู ูุนูู
[2025-11-11 14:06:28] ๐น ุฅููุงู ุฃู ุนูููุงุช ูุฏููุฉ ๐น
[2025-11-11 14:06:29] ๐น ุชุดุบูู ุงูุณูุฑูุฑ ูngrok ๐น
[2025-11-11 14:08:04] ๐น ุฅุนุงุฏุฉ ุชุดุบูู ุฌููุน ุฎุฏูุงุช PM2 ๐น
[2025-11-11 14:09:28] โ ูู ุดูุก ุงูุขู ูุนูู
[2025-11-11 14:09:39] ๐น ุฅููุงู ุฃู ุนูููุงุช ูุฏููุฉ ๐น
[2025-11-11 14:09:39] ๐น ุชุดุบูู ุงูุณูุฑูุฑ ูngrok ๐น
[2025-11-11 14:10:14] ngrok: https://multisegmented-spiriferous-alesia.ngrok-free.dev
[2025-11-11 14:10:42] ๐น ุฅุนุงุฏุฉ ุชุดุบูู ุฌููุน ุฎุฏูุงุช PM2 ๐น
[2025-11-11 14:11:57] โ ูู ุดูุก ุงูุขู ูุนูู
[2025-11-11 14:12:07] ๐น ุฅููุงู ุฃู ุนูููุงุช ูุฏููุฉ ๐น
[2025-11-11 14:12:09] ๐น ุชุดุบูู ุงูุณูุฑูุฑ ูngrok ๐น
[2025-11-11 14:13:48] ุฑุงุจุท ngrok: https://multisegmented-spiriferous-alesia.ngrok-free.dev
[2025-11-11 14:13:49] ๐น ุฅุนุงุฏุฉ ุชุดุบูู ุฌููุน ุฎุฏูุงุช PM2 ๐น
[2025-11-11 14:15:00] โ ูู ุดูุก ุงูุขู ูุนูู
[2025-11-11 14:15:13] ๐น ุฅููุงู ุฃู ุนูููุงุช ูุฏููุฉ ๐น
[2025-11-11 14:15:14] ๐น ุชุดุบูู ุงูุณูุฑูุฑ ูngrok ๐น
[2025-11-11 14:17:07] ุฑุงุจุท ngrok: https://multisegmented-spiriferous-alesia.ngrok-free.dev
[2025-11-11 14:17:07] ๐น ุฅุนุงุฏุฉ ุชุดุบูู ุฌููุน ุฎุฏูุงุช PM2 ๐น
[2025-11-11 14:18:13] โ ูู ุดูุก ุงูุขู ูุนูู
[2025-11-11 14:18:25] ๐น ุฅููุงู ุฃู ุนูููุงุช ูุฏููุฉ ๐น
[2025-11-11 14:18:26] ๐น ุชุดุบูู ุงูุณูุฑูุฑ ูngrok ๐น
[2025-11-11 14:19:39] ุฑุงุจุท ngrok: Binary file /home/athman/.ngrok/ngrok.log matches
[2025-11-11 14:19:39] ๐น ุฅุนุงุฏุฉ ุชุดุบูู ุฌููุน ุฎุฏูุงุช PM2 ๐น
[2025-11-11 14:20:43] โ ูู ุดูุก ุงูุขู ูุนูู
[2025-11-11 14:20:55] ๐น ุฅููุงู ุฃู ุนูููุงุช ูุฏููุฉ ๐น
[2025-11-11 14:20:57] ๐น ุชุดุบูู ุงูุณูุฑูุฑ ูngrok ๐น
[2025-11-11 14:22:22] ุฑุงุจุท ngrok: https://multisegmented-spiriferous-alesia.ngrok-free.dev
[2025-11-11 14:22:23] ๐น ุฅุนุงุฏุฉ ุชุดุบูู ุฌููุน ุฎุฏูุงุช PM2 ๐น
[2025-11-11 14:23:32] โ ูู ุดูุก ุงูุขู ูุนูู
[2025-11-11 14:23:42] ๐น ุฅููุงู ุฃู ุนูููุงุช ูุฏููุฉ ๐น
[2025-11-11 14:23:43] ngrok: https://multisegmented-spiriferous-alesia.ngrok-free.dev
[2025-11-11 14:23:44] ๐น ุชุดุบูู ุงูุณูุฑูุฑ ูngrok ๐น
[2025-11-11 14:24:44] ุฑุงุจุท ngrok: https://multisegmented-spiriferous-alesia.ngrok-free.dev
[2025-11-11 14:24:44] ๐น ุฅุนุงุฏุฉ ุชุดุบูู ุฌููุน ุฎุฏูุงุช PM2 ๐น
[2025-11-11 14:25:38] โ ูู ุดูุก ุงูุขู ูุนูู
[2025-11-11 14:25:48] ๐น ุฅููุงู ุฃู ุนูููุงุช ูุฏููุฉ ๐น
[2025-11-11 14:25:49] ๐น ุชุดุบูู ุงูุณูุฑูุฑ ูngrok ๐น
[2025-11-11 14:26:14] ngrok: https://multisegmented-spiriferous-alesia.ngrok-free.dev
[2025-11-11 14:26:36] ุฑุงุจุท ngrok: https://multisegmented-spiriferous-alesia.ngrok-free.dev
[2025-11-11 14:26:36] ๐น ุฅุนุงุฏุฉ ุชุดุบูู ุฌููุน ุฎุฏูุงุช PM2 ๐น
[2025-11-11 14:27:02] โ ูู ุดูุก ุงูุขู ูุนูู
[2025-11-11 14:27:13] ๐น ุฅููุงู ุฃู ุนูููุงุช ูุฏููุฉ ๐น
[2025-11-11 14:27:13] ๐น ุชุดุบูู ุงูุณูุฑูุฑ ูngrok ๐น
[2025-11-11 14:27:15] ngrok: Binary file /home/athman/.ngrok/ngrok.log matches
[2025-11-11 14:27:59] ุฑุงุจุท ngrok: https://multisegmented-spiriferous-alesia.ngrok-free.dev
[2025-11-11 14:27:59] ๐น ุฅุนุงุฏุฉ ุชุดุบูู ุฌููุน ุฎุฏูุงุช PM2 ๐น
[2025-11-11 14:28:21] ngrok: https://multisegmented-spiriferous-alesia.ngrok-free.dev
[2025-11-11 14:28:34] โ ูู ุดูุก ุงูุขู ูุนูู
[2025-11-11 14:28:44] ๐น ุฅููุงู ุฃู ุนูููุงุช ูุฏููุฉ ๐น
[2025-11-11 14:28:45] ๐น ุชุดุบูู ุงูุณูุฑูุฑ ูngrok ๐น
[2025-11-11 14:29:16] ngrok: https://multisegmented-spiriferous-alesia.ngrok-free.dev
[2025-11-11 14:29:17] ุฑุงุจุท ngrok: https://multisegmented-spiriferous-alesia.ngrok-free.dev
[2025-11-11 14:29:17] ๐น ุฅุนุงุฏุฉ ุชุดุบูู ุฌููุน ุฎุฏูุงุช PM2 ๐น
[2025-11-11 14:30:37] โ ูู ุดูุก ุงูุขู ูุนูู
[2025-11-11 14:30:49] ๐น ุฅููุงู ุฃู ุนูููุงุช ูุฏููุฉ ๐น
[2025-11-11 14:30:51] ๐น ุชุดุบูู ุงูุณูุฑูุฑ ูngrok ๐น
[2025-11-11 14:31:41] ngrok: https://multisegmented-spiriferous-alesia.ngrok-free.dev
[2025-11-11 14:32:22] ุฑุงุจุท ngrok: https://multisegmented-spiriferous-alesia.ngrok-free.dev
[2025-11-11 14:32:22] ๐น ุฅุนุงุฏุฉ ุชุดุบูู ุฌููุน ุฎุฏูุงุช PM2 ๐น
[2025-11-11 14:32:51] โ ูู ุดูุก ุงูุขู ูุนูู
[2025-11-11 14:33:02] ๐น ุฅููุงู ุฃู ุนูููุงุช ูุฏููุฉ ๐น
[2025-11-11 14:33:03] ngrok: https://multisegmented-spiriferous-alesia.ngrok-free.dev
[2025-11-11 14:33:03] ๐น ุชุดุบูู ุงูุณูุฑูุฑ ูngrok ๐น
[2025-11-11 14:33:40] ุฑุงุจุท ngrok: https://multisegmented-spiriferous-alesia.ngrok-free.dev
[2025-11-11 14:33:40] ๐น ุฅุนุงุฏุฉ ุชุดุบูู ุฌููุน ุฎุฏูุงุช PM2 ๐น
[2025-11-11 14:34:10] โ ูู ุดูุก ุงูุขู ูุนูู
[2025-11-11 14:34:21] ๐น ุฅููุงู ุฃู ุนูููุงุช ูุฏููุฉ ๐น
[2025-11-11 14:34:23] ๐น ุชุดุบูู ุงูุณูุฑูุฑ ูngrok ๐น
[2025-11-11 14:35:03] ุฑุงุจุท ngrok: https://multisegmented-spiriferous-alesia.ngrok-free.dev
[2025-11-11 14:35:03] ๐น ุฅุนุงุฏุฉ ุชุดุบูู ุฌููุน ุฎุฏูุงุช PM2 ๐น
[2025-11-11 14:35:16] ngrok: https://multisegmented-spiriferous-alesia.ngrok-free.dev
[2025-11-11 14:35:37] โ ูู ุดูุก ุงูุขู ูุนูู
[2025-11-11 14:35:47] ๐น ุฅููุงู ุฃู ุนูููุงุช ูุฏููุฉ ๐น
[2025-11-11 14:35:48] ๐น ุชุดุบูู ุงูุณูุฑูุฑ ูngrok ๐น
[2025-11-11 14:36:13] ngrok: https://multisegmented-spiriferous-alesia.ngrok-free.dev
[2025-11-11 14:36:23] ๐น ุฅุนุงุฏุฉ ุชุดุบูู ุฌููุน ุฎุฏูุงุช PM2 ๐น
[2025-11-11 14:36:46] โ ูู ุดูุก ุงูุขู ูุนูู
[2025-11-11 14:36:57] ๐น ุฅููุงู ุฃู ุนูููุงุช ูุฏููุฉ ๐น
[2025-11-11 14:36:57] ๐น ุชุดุบูู ุงูุณูุฑูุฑ ูngrok ๐น
[2025-11-11 14:37:08] ngrok: https://multisegmented-spiriferous-alesia.ngrok-free.dev
[2025-11-11 14:37:40] ุฑุงุจุท ngrok: https://multisegmented-spiriferous-alesia.ngrok-free.dev
[2025-11-11 14:37:40] ๐น ุฅุนุงุฏุฉ ุชุดุบูู ุฌููุน ุฎุฏูุงุช PM2 ๐น
[2025-11-11 14:38:13] โ ูู ุดูุก ุงูุขู ูุนูู
[2025-11-11 14:38:24] ๐น ุฅููุงู ุฃู ุนูููุงุช ูุฏููุฉ ๐น
[2025-11-11 14:38:25] ๐น ุชุดุบูู ุงูุณูุฑูุฑ ูngrok ๐น
[2025-11-11 14:39:12] ุฑุงุจุท ngrok: https://multisegmented-spiriferous-alesia.ngrok-free.dev
[2025-11-11 14:39:12] ๐น ุฅุนุงุฏุฉ ุชุดุบูู ุฌููุน ุฎุฏูุงุช PM2 ๐น
[2025-11-11 14:39:20] ngrok: https://multisegmented-spiriferous-alesia.ngrok-free.dev
[2025-11-11 14:40:01] โ ูู ุดูุก ุงูุขู ูุนูู
[2025-11-11 14:40:11] ๐น ุฅููุงู ุฃู ุนูููุงุช ูุฏููุฉ ๐น
[2025-11-11 14:40:12] ๐น ุชุดุบูู ุงูุณูุฑูุฑ ูngrok ๐น
[2025-11-11 14:40:27] ngrok: Binary file /home/athman/.ngrok/ngrok.log matches
[2025-11-11 14:40:45] ๐น ุฅุนุงุฏุฉ ุชุดุบูู ุฌููุน ุฎุฏูุงุช PM2 ๐น
[2025-11-11 14:41:10] โ ูู ุดูุก ุงูุขู ูุนูู
[2025-11-11 14:41:21] ๐น ุฅููุงู ุฃู ุนูููุงุช ูุฏููุฉ ๐น
[2025-11-11 14:41:22] ๐น ุชุดุบูู ุงูุณูุฑูุฑ ูngrok ๐น
[2025-11-11 14:41:35] ngrok: https://multisegmented-spiriferous-alesia.ngrok-free.dev
[2025-11-11 14:42:07] ุฑุงุจุท ngrok: https://multisegmented-spiriferous-alesia.ngrok-free.dev
[2025-11-11 14:42:07] ๐น ุฅุนุงุฏุฉ ุชุดุบูู ุฌููุน ุฎุฏูุงุช PM2 ๐น
[2025-11-11 14:42:21] โ ูู ุดูุก ุงูุขู ูุนูู
[2025-11-11 14:42:31] ๐น ุฅููุงู ุฃู ุนูููุงุช ูุฏููุฉ ๐น
[2025-11-11 14:42:32] ๐น ุชุดุบูู ุงูุณูุฑูุฑ ูngrok ๐น
[2025-11-11 14:43:06] ุฑุงุจุท ngrok: https://multisegmented-spiriferous-alesia.ngrok-free.dev
[2025-11-11 14:43:06] ๐น ุฅุนุงุฏุฉ ุชุดุบูู ุฌููุน ุฎุฏูุงุช PM2 ๐น
[2025-11-11 14:43:28] ngrok: https://multisegmented-spiriferous-alesia.ngrok-free.dev
[2025-11-11 14:43:32] โ ูู ุดูุก ุงูุขู ูุนูู
[2025-11-11 14:43:43] ๐น ุฅููุงู ุฃู ุนูููุงุช ูุฏููุฉ ๐น
[2025-11-11 14:43:44] ๐น ุชุดุบูู ุงูุณูุฑูุฑ ูngrok ๐น
[2025-11-11 14:44:13] ุฑุงุจุท ngrok: https://multisegmented-spiriferous-alesia.ngrok-free.dev
[2025-11-11 14:44:13] ๐น ุฅุนุงุฏุฉ ุชุดุบูู ุฌููุน ุฎุฏูุงุช PM2 ๐น
[2025-11-11 14:44:21] ngrok: https://multisegmented-spiriferous-alesia.ngrok-free.dev
[2025-11-11 14:44:53] โ ูู ุดูุก ุงูุขู ูุนูู
[2025-11-11 14:45:04] ๐น ุฅููุงู ุฃู ุนูููุงุช ูุฏููุฉ ๐น
[2025-11-11 14:45:04] ๐น ุชุดุบูู ุงูุณูุฑูุฑ ูngrok ๐น
[2025-11-11 14:45:28] ุฑุงุจุท ngrok: https://multisegmented-spiriferous-alesia.ngrok-free.dev
[2025-11-11 14:45:28] ๐น ุฅุนุงุฏุฉ ุชุดุบูู ุฌููุน ุฎุฏูุงุช PM2 ๐น
[2025-11-11 14:45:53] โ ูู ุดูุก ุงูุขู ูุนูู
[2025-11-11 14:46:04] ๐น ุฅููุงู ุฃู ุนูููุงุช ูุฏููุฉ ๐น
[2025-11-11 14:46:04] ๐น ุชุดุบูู ุงูุณูุฑูุฑ ูngrok ๐น
[2025-11-11 14:46:15] ngrok: https://multisegmented-spiriferous-alesia.ngrok-free.dev
[2025-11-11 14:46:38] ุฑุงุจุท ngrok: https://multisegmented-spiriferous-alesia.ngrok-free.dev
[2025-11-11 14:46:38] ๐น ุฅุนุงุฏุฉ ุชุดุบูู ุฌููุน ุฎุฏูุงุช PM2 ๐น
[2025-11-11 14:47:00] โ ูู ุดูุก ุงูุขู ูุนูู
[2025-11-11 14:47:11] ngrok: https://multisegmented-spiriferous-alesia.ngrok-free.dev
[2025-11-11 14:47:11] ๐น ุฅููุงู ุฃู ุนูููุงุช ูุฏููุฉ ๐น
[2025-11-11 14:47:11] ๐น ุชุดุบูู ุงูุณูุฑูุฑ ูngrok ๐น
[2025-11-11 14:47:43] ุฑุงุจุท ngrok: https://multisegmented-spiriferous-alesia.ngrok-free.dev
[2025-11-11 14:47:43] ๐น ุฅุนุงุฏุฉ ุชุดุบูู ุฌููุน ุฎุฏูุงุช PM2 ๐น
[2025-11-11 14:48:05] ngrok: Binary file /home/athman/.ngrok/ngrok.log matches
[2025-11-11 14:48:06] โ ูู ุดูุก ุงูุขู ูุนูู
[2025-11-11 14:48:16] ๐น ุฅููุงู ุฃู ุนูููุงุช ูุฏููุฉ ๐น
[2025-11-11 14:48:16] ๐น ุชุดุบูู ุงูุณูุฑูุฑ ูngrok ๐น
[2025-11-11 14:48:41] ุฑุงุจุท ngrok: https://multisegmented-spiriferous-alesia.ngrok-free.dev
[2025-11-11 14:48:41] ๐น ุฅุนุงุฏุฉ ุชุดุบูู ุฌููุน ุฎุฏูุงุช PM2 ๐น
[2025-11-11 14:48:52] ngrok: https://multisegmented-spiriferous-alesia.ngrok-free.dev
[2025-11-11 14:49:00] โ ูู ุดูุก ุงูุขู ูุนูู
[2025-11-11 14:49:11] ๐น ุฅููุงู ุฃู ุนูููุงุช ูุฏููุฉ ๐น
[2025-11-11 14:49:11] ๐น ุชุดุบูู ุงูุณูุฑูุฑ ูngrok ๐น
[2025-11-11 14:49:38] ุฑุงุจุท ngrok: https://multisegmented-spiriferous-alesia.ngrok-free.dev
[2025-11-11 14:49:38] ๐น ุฅุนุงุฏุฉ ุชุดุบูู ุฌููุน ุฎุฏูุงุช PM2 ๐น
[2025-11-11 14:49:44] ngrok: Binary file /home/athman/.ngrok/ngrok.log matches
[2025-11-11 14:50:11] โ ูู ุดูุก ุงูุขู ูุนูู
[2025-11-11 14:50:21] ๐น ุฅููุงู ุฃู ุนูููุงุช ูุฏููุฉ ๐น
[2025-11-11 14:50:22] ๐น ุชุดุบูู ุงูุณูุฑูุฑ ูngrok ๐น
[2025-11-11 14:50:35] ngrok: https://multisegmented-spiriferous-alesia.ngrok-free.dev
[2025-11-11 14:50:54] ุฑุงุจุท ngrok: Binary file /home/athman/.ngrok/ngrok.log matches
[2025-11-11 14:50:55] ๐น ุฅุนุงุฏุฉ ุชุดุบูู ุฌููุน ุฎุฏูุงุช PM2 ๐น
[2025-11-11 14:51:19] โ ูู ุดูุก ุงูุขู ูุนูู
[2025-11-11 14:51:30] ๐น ุฅููุงู ุฃู ุนูููุงุช ูุฏููุฉ ๐น
[2025-11-11 14:51:30] ๐น ุชุดุบูู ุงูุณูุฑูุฑ ูngrok ๐น
[2025-11-11 14:52:00] ุฑุงุจุท ngrok: https://multisegmented-spiriferous-alesia.ngrok-free.dev
[2025-11-11 14:52:01] ๐น ุฅุนุงุฏุฉ ุชุดุบูู ุฌููุน ุฎุฏูุงุช PM2 ๐น
[2025-11-11 14:52:17] ngrok: https://multisegmented-spiriferous-alesia.ngrok-free.dev
[2025-11-11 14:52:30] โ ูู ุดูุก ุงูุขู ูุนูู
[2025-11-11 14:52:41] ๐น ุฅููุงู ุฃู ุนูููุงุช ูุฏููุฉ ๐น
[2025-11-11 14:52:41] ๐น ุชุดุบูู ุงูุณูุฑูุฑ ูngrok ๐น
[2025-11-11 14:53:06] ngrok: https://multisegmented-spiriferous-alesia.ngrok-free.dev
[2025-11-11 14:53:13] ุฑุงุจุท ngrok: https://multisegmented-spiriferous-alesia.ngrok-free.dev
[2025-11-11 14:53:14] ๐น ุฅุนุงุฏุฉ ุชุดุบูู ุฌููุน ุฎุฏูุงุช PM2 ๐น
[2025-11-11 14:53:36] โ ูู ุดูุก ุงูุขู ูุนูู
[2025-11-11 14:53:46] ๐น ุฅููุงู ุฃู ุนูููุงุช ูุฏููุฉ ๐น
[2025-11-11 14:53:46] ๐น ุชุดุบูู ุงูุณูุฑูุฑ ูngrok ๐น
[2025-11-11 14:54:03] ngrok: Binary file /home/athman/.ngrok/ngrok.log matches
[2025-11-11 14:54:22] ๐น ุฅุนุงุฏุฉ ุชุดุบูู ุฌููุน ุฎุฏูุงุช PM2 ๐น
[2025-11-11 14:54:35] โ ูู ุดูุก ุงูุขู ูุนูู
[2025-11-11 14:54:46] ๐น ุฅููุงู ุฃู ุนูููุงุช ูุฏููุฉ ๐น
[2025-11-11 14:54:46] ๐น ุชุดุบูู ุงูุณูุฑูุฑ ูngrok ๐น
[2025-11-11 14:54:57] ngrok: https://multisegmented-spiriferous-alesia.ngrok-free.dev
[2025-11-11 14:55:23] ุฑุงุจุท ngrok: https://multisegmented-spiriferous-alesia.ngrok-free.dev
[2025-11-11 14:55:23] ๐น ุฅุนุงุฏุฉ ุชุดุบูู ุฌููุน ุฎุฏูุงุช PM2 ๐น
[2025-11-11 14:55:36] โ ูู ุดูุก ุงูุขู ูุนูู
[2025-11-11 14:55:47] ๐น ุฅููุงู ุฃู ุนูููุงุช ูุฏููุฉ ๐น
[2025-11-11 14:55:47] ๐น ุชุดุบูู ุงูุณูุฑูุฑ ูngrok ๐น
[2025-11-11 14:56:20] ุฑุงุจุท ngrok: https://multisegmented-spiriferous-alesia.ngrok-free.dev
[2025-11-11 14:56:20] ๐น ุฅุนุงุฏุฉ ุชุดุบูู ุฌููุน ุฎุฏูุงุช PM2 ๐น
[2025-11-11 14:56:34] โ ูู ุดูุก ุงูุขู ูุนูู
[2025-11-11 14:56:44] ๐น ุฅููุงู ุฃู ุนูููุงุช ูุฏููุฉ ๐น
[2025-11-11 14:56:45] ๐น ุชุดุบูู ุงูุณูุฑูุฑ ูngrok ๐น
[2025-11-11 14:56:45] ngrok: https://multisegmented-spiriferous-alesia.ngrok-free.dev
[2025-11-11 14:57:19] ุฑุงุจุท ngrok: https://multisegmented-spiriferous-alesia.ngrok-free.dev
[2025-11-11 14:57:19] ๐น ุฅุนุงุฏุฉ ุชุดุบูู ุฌููุน ุฎุฏูุงุช PM2 ๐น
[2025-11-11 14:57:40] ngrok: https://multisegmented-spiriferous-alesia.ngrok-free.dev
[2025-11-11 14:57:46] โ ูู ุดูุก ุงูุขู ูุนูู
[2025-11-11 14:57:56] ๐น ุฅููุงู ุฃู ุนูููุงุช ูุฏููุฉ ๐น
[2025-11-11 14:57:57] ๐น ุชุดุบูู ุงูุณูุฑูุฑ ูngrok ๐น
[2025-11-11 14:58:23] ุฑุงุจุท ngrok: https://multisegmented-spiriferous-alesia.ngrok-free.dev
[2025-11-11 14:58:23] ๐น ุฅุนุงุฏุฉ ุชุดุบูู ุฌููุน ุฎุฏูุงุช PM2 ๐น
[2025-11-11 14:58:31] ngrok: https://multisegmented-spiriferous-alesia.ngrok-free.dev
[2025-11-11 14:58:52] โ ูู ุดูุก ุงูุขู ูุนูู
[2025-11-11 14:59:03] ๐น ุฅููุงู ุฃู ุนูููุงุช ูุฏููุฉ ๐น
[2025-11-11 14:59:03] ๐น ุชุดุบูู ุงูุณูุฑูุฑ ูngrok ๐น
[2025-11-11 14:59:26] ngrok: https://multisegmented-spiriferous-alesia.ngrok-free.dev
[2025-11-11 14:59:28] ุฑุงุจุท ngrok: https://multisegmented-spiriferous-alesia.ngrok-free.dev
[2025-11-11 14:59:28] ๐น ุฅุนุงุฏุฉ ุชุดุบูู ุฌููุน ุฎุฏูุงุช PM2 ๐น
[2025-11-11 14:59:47] โ ูู ุดูุก ุงูุขู ูุนูู
[2025-11-11 14:59:57] ๐น ุฅููุงู ุฃู ุนูููุงุช ูุฏููุฉ ๐น
[2025-11-11 14:59:58] ๐น ุชุดุบูู ุงูุณูุฑูุฑ ูngrok ๐น
[2025-11-11 15:00:24] ุฑุงุจุท ngrok: https://multisegmented-spiriferous-alesia.ngrok-free.dev
[2025-11-11 15:00:24] ๐น ุฅุนุงุฏุฉ ุชุดุบูู ุฌููุน ุฎุฏูุงุช PM2 ๐น
[2025-11-11 15:00:51] โ ูู ุดูุก ุงูุขู ูุนูู
[2025-11-11 15:01:01] ๐น ุฅููุงู ุฃู ุนูููุงุช ูุฏููุฉ ๐น
[2025-11-11 15:01:02] ๐น ุชุดุบูู ุงูุณูุฑูุฑ ูngrok ๐น
[2025-11-11 15:01:38] ุฑุงุจุท ngrok: https://multisegmented-spiriferous-alesia.ngrok-free.dev
[2025-11-11 15:01:38] ๐น ุฅุนุงุฏุฉ ุชุดุบูู ุฌููุน ุฎุฏูุงุช PM2 ๐น
[2025-11-11 15:01:54] โ ูู ุดูุก ุงูุขู ูุนูู
[2025-11-11 15:02:04] ngrok: Binary file /home/athman/.ngrok/ngrok.log matches
[2025-11-11 15:02:05] ๐น ุฅููุงู ุฃู ุนูููุงุช ูุฏููุฉ ๐น
[2025-11-11 15:02:05] ๐น ุชุดุบูู ุงูุณูุฑูุฑ ูngrok ๐น
[2025-11-11 15:02:37] ุฑุงุจุท ngrok: https://multisegmented-spiriferous-alesia.ngrok-free.dev
[2025-11-11 15:02:37] ๐น ุฅุนุงุฏุฉ ุชุดุบูู ุฌููุน ุฎุฏูุงุช PM2 ๐น
[2025-11-11 15:02:55] ngrok: https://multisegmented-spiriferous-alesia.ngrok-free.dev
[2025-11-11 15:03:01] โ ูู ุดูุก ุงูุขู ูุนูู
[2025-11-11 15:03:12] ๐น ุฅููุงู ุฃู ุนูููุงุช ูุฏููุฉ ๐น
[2025-11-11 15:03:12] ๐น ุชุดุบูู ุงูุณูุฑูุฑ ูngrok ๐น
[2025-11-11 15:03:40] ๐น ุฅุนุงุฏุฉ ุชุดุบูู ุฌููุน ุฎุฏูุงุช PM2 ๐น
[2025-11-11 15:03:45] ngrok: https://multisegmented-spiriferous-alesia.ngrok-free.dev
[2025-11-11 15:04:04] โ ูู ุดูุก ุงูุขู ูุนูู
[2025-11-11 15:04:15] ๐น ุฅููุงู ุฃู ุนูููุงุช ูุฏููุฉ ๐น
[2025-11-11 15:04:15] ๐น ุชุดุบูู ุงูุณูุฑูุฑ ูngrok ๐น
[2025-11-11 15:04:39] ngrok: https://multisegmented-spiriferous-alesia.ngrok-free.dev
[2025-11-11 15:04:49] ๐น ุฅุนุงุฏุฉ ุชุดุบูู ุฌููุน ุฎุฏูุงุช PM2 ๐น
[2025-11-11 15:05:23] โ ูู ุดูุก ุงูุขู ูุนูู
[2025-11-11 15:05:33] ๐น ุฅููุงู ุฃู ุนูููุงุช ูุฏููุฉ ๐น
[2025-11-11 15:05:33] ๐น ุชุดุบูู ุงูุณูุฑูุฑ ูngrok ๐น
[2025-11-11 15:06:14] ุฑุงุจุท ngrok: https://multisegmented-spiriferous-alesia.ngrok-free.dev
[2025-11-11 15:06:14] ๐น ุฅุนุงุฏุฉ ุชุดุบูู ุฌููุน ุฎุฏูุงุช PM2 ๐น
[2025-11-12 07:34:19] ๐น ุฅููุงู ุฃู ุนูููุงุช ูุฏููุฉ ๐น
[2025-11-12 07:34:20] ๐น ุชุดุบูู ุงูุณูุฑูุฑ ูngrok ๐น
[2025-11-12 07:35:04] ุฑุงุจุท ngrok: https://multisegmented-spiriferous-alesia.ngrok-free.dev
[2025-11-12 07:35:04] ๐น ุฅุนุงุฏุฉ ุชุดุบูู ุฌููุน ุฎุฏูุงุช PM2 ๐น
[2025-11-12 07:35:14] โ ูู ุดูุก ุงูุขู ูุนูู
[2025-11-12 07:35:24] ๐น ุฅููุงู ุฃู ุนูููุงุช ูุฏููุฉ ๐น
[2025-11-12 07:35:24] ๐น ุชุดุบูู ุงูุณูุฑูุฑ ูngrok ๐น
[2025-11-12 07:35:41] ุฑุงุจุท ngrok: https://multisegmented-spiriferous-alesia.ngrok-free.dev
[2025-11-12 07:35:41] ๐น ุฅุนุงุฏุฉ ุชุดุบูู ุฌููุน ุฎุฏูุงุช PM2 ๐น
[2025-11-12 07:35:47] โ ูู ุดูุก ุงูุขู ูุนูู
[2025-11-12 07:35:58] ๐น ุฅููุงู ุฃู ุนูููุงุช ูุฏููุฉ ๐น
[2025-11-12 07:35:58] ๐น ุชุดุบูู ุงูุณูุฑูุฑ ูngrok ๐น
[2025-11-12 07:36:30] ๐น ุฅุนุงุฏุฉ ุชุดุบูู ุฌููุน ุฎุฏูุงุช PM2 ๐น
[2025-11-12 07:36:33] ngrok: https://multisegmented-spiriferous-alesia.ngrok-free.dev
[2025-11-12 07:37:07] โ ูู ุดูุก ุงูุขู ูุนูู
[2025-11-12 07:37:17] ๐น ุฅููุงู ุฃู ุนูููุงุช ูุฏููุฉ ๐น
[2025-11-12 07:37:18] ๐น ุชุดุบูู ุงูุณูุฑูุฑ ูngrok ๐น
[2025-11-12 07:37:31] ngrok: https://multisegmented-spiriferous-alesia.ngrok-free.dev
[2025-11-12 07:38:01] ุฑุงุจุท ngrok: https://multisegmented-spiriferous-alesia.ngrok-free.dev
[2025-11-12 07:38:01] ๐น ุฅุนุงุฏุฉ ุชุดุบูู ุฌููุน ุฎุฏูุงุช PM2 ๐น
[2025-11-12 07:38:19] โ ูู ุดูุก ุงูุขู ูุนูู
[2025-11-12 07:38:29] ๐น ุฅููุงู ุฃู ุนูููุงุช ูุฏููุฉ ๐น
[2025-11-12 07:38:30] ๐น ุชุดุบูู ุงูุณูุฑูุฑ ูngrok ๐น
[2025-11-12 07:39:12] ุฑุงุจุท ngrok: https://multisegmented-spiriferous-alesia.ngrok-free.dev
[2025-11-12 07:39:12] ๐น ุฅุนุงุฏุฉ ุชุดุบูู ุฌููุน ุฎุฏูุงุช PM2 ๐น
[2025-11-12 07:39:44] โ ูู ุดูุก ุงูุขู ูุนูู
[2025-11-12 07:39:54] ๐น ุฅููุงู ุฃู ุนูููุงุช ูุฏููุฉ ๐น
[2025-11-12 07:39:55] ๐น ุชุดุบูู ุงูุณูุฑูุฑ ูngrok ๐น
[2025-11-12 07:40:29] ngrok: Binary file /home/athman/.ngrok/ngrok.log matches
[2025-11-12 07:40:35] ุฑุงุจุท ngrok: https://multisegmented-spiriferous-alesia.ngrok-free.dev
[2025-11-12 07:40:35] ๐น ุฅุนุงุฏุฉ ุชุดุบูู ุฌููุน ุฎุฏูุงุช PM2 ๐น
[2025-11-12 07:41:02] โ ูู ุดูุก ุงูุขู ูุนูู
[2025-11-12 07:41:13] ๐น ุฅููุงู ุฃู ุนูููุงุช ูุฏููุฉ ๐น
[2025-11-12 07:41:13] ๐น ุชุดุบูู ุงูุณูุฑูุฑ ูngrok ๐น
[2025-11-12 07:41:32] ngrok: https://multisegmented-spiriferous-alesia.ngrok-free.dev
[2025-11-12 07:41:45] ุฑุงุจุท ngrok: https://multisegmented-spiriferous-alesia.ngrok-free.dev
[2025-11-12 07:41:45] ๐น ุฅุนุงุฏุฉ ุชุดุบูู ุฌููุน ุฎุฏูุงุช PM2 ๐น
[2025-11-12 07:42:12] โ ูู ุดูุก ุงูุขู ูุนูู
[2025-11-12 07:42:22] ๐น ุฅููุงู ุฃู ุนูููุงุช ูุฏููุฉ ๐น
[2025-11-12 07:42:23] ๐น ุชุดุบูู ุงูุณูุฑูุฑ ูngrok ๐น
[2025-11-12 07:43:05] ุฑุงุจุท ngrok: https://multisegmented-spiriferous-alesia.ngrok-free.dev
[2025-11-12 07:43:05] ๐น ุฅุนุงุฏุฉ ุชุดุบูู ุฌููุน ุฎุฏูุงุช PM2 ๐น
[2025-11-12 07:43:27] ngrok: https://multisegmented-spiriferous-alesia.ngrok-free.dev
[2025-11-12 07:43:27] โ ูู ุดูุก ุงูุขู ูุนูู
[2025-11-12 07:43:38] ๐น ุฅููุงู ุฃู ุนูููุงุช ูุฏููุฉ ๐น
[2025-11-12 07:43:38] ๐น ุชุดุบูู ุงูุณูุฑูุฑ ูngrok ๐น
[2025-11-12 07:44:08] ุฑุงุจุท ngrok: https://multisegmented-spiriferous-alesia.ngrok-free.dev
[2025-11-12 07:44:08] ๐น ุฅุนุงุฏุฉ ุชุดุบูู ุฌููุน ุฎุฏูุงุช PM2 ๐น
[2025-11-12 07:44:35] โ ูู ุดูุก ุงูุขู ูุนูู
[2025-11-12 07:44:45] ๐น ุฅููุงู ุฃู ุนูููุงุช ูุฏููุฉ ๐น
[2025-11-12 07:44:45] ๐น ุชุดุบูู ุงูุณูุฑูุฑ ูngrok ๐น
[2025-11-12 07:45:15] ุฑุงุจุท ngrok: https://multisegmented-spiriferous-alesia.ngrok-free.dev
[2025-11-12 07:45:16] ๐น ุฅุนุงุฏุฉ ุชุดุบูู ุฌููุน ุฎุฏูุงุช PM2 ๐น
[2025-11-12 07:45:46] โ ูู ุดูุก ุงูุขู ูุนูู
[2025-11-12 07:45:57] ๐น ุฅููุงู ุฃู ุนูููุงุช ูุฏููุฉ ๐น
[2025-11-12 07:45:57] ๐น ุชุดุบูู ุงูุณูุฑูุฑ ูngrok ๐น
[2025-11-12 07:46:06] ngrok: https://multisegmented-spiriferous-alesia.ngrok-free.dev
[2025-11-12 07:46:39] ุฑุงุจุท ngrok: https://multisegmented-spiriferous-alesia.ngrok-free.dev
[2025-11-12 07:46:39] ๐น ุฅุนุงุฏุฉ ุชุดุบูู ุฌููุน ุฎุฏูุงุช PM2 ๐น
[2025-11-12 07:47:04] ngrok: Binary file /home/athman/.ngrok/ngrok.log matches
[2025-11-12 07:47:09] โ ูู ุดูุก ุงูุขู ูุนูู
[2025-11-12 07:47:20] ๐น ุฅููุงู ุฃู ุนูููุงุช ูุฏููุฉ ๐น
[2025-11-12 07:47:21] ๐น ุชุดุบูู ุงูุณูุฑูุฑ ูngrok ๐น
[2025-11-12 07:47:50] ๐น ุฅุนุงุฏุฉ ุชุดุบูู ุฌููุน ุฎุฏูุงุช PM2 ๐น
[2025-11-12 07:47:54] ngrok: Binary file /home/athman/.ngrok/ngrok.log matches
[2025-11-12 07:48:17] โ ูู ุดูุก ุงูุขู ูุนูู
[2025-11-12 07:48:27] ๐น ุฅููุงู ุฃู ุนูููุงุช ูุฏููุฉ ๐น
[2025-11-12 07:48:27] ๐น ุชุดุบูู ุงูุณูุฑูุฑ ูngrok ๐น
[2025-11-12 07:48:52] ngrok: https://multisegmented-spiriferous-alesia.ngrok-free.dev
[2025-11-12 07:49:06] ุฑุงุจุท ngrok: https://multisegmented-spiriferous-alesia.ngrok-free.dev
[2025-11-12 07:49:06] ๐น ุฅุนุงุฏุฉ ุชุดุบูู ุฌููุน ุฎุฏูุงุช PM2 ๐น
[2025-11-12 07:49:37] โ ูู ุดูุก ุงูุขู ูุนูู
[2025-11-12 07:49:48] ๐น ุฅููุงู ุฃู ุนูููุงุช ูุฏููุฉ ๐น
[2025-11-12 07:49:49] ๐น ุชุดุบูู ุงูุณูุฑูุฑ ูngrok ๐น
[2025-11-12 07:50:31] ุฑุงุจุท ngrok: https://multisegmented-spiriferous-alesia.ngrok-free.dev
[2025-11-12 07:50:31] ๐น ุฅุนุงุฏุฉ ุชุดุบูู ุฌููุน ุฎุฏูุงุช PM2 ๐น
[2025-11-12 07:50:51] ngrok: Binary file /home/athman/.ngrok/ngrok.log matches
[2025-11-12 07:51:04] โ ูู ุดูุก ุงูุขู ูุนูู
[2025-11-12 07:51:15] ๐น ุฅููุงู ุฃู ุนูููุงุช ูุฏููุฉ ๐น
[2025-11-12 07:51:15] ๐น ุชุดุบูู ุงูุณูุฑูุฑ ูngrok ๐น
[2025-11-12 07:52:07] ๐น ุฅุนุงุฏุฉ ุชุดุบูู ุฌููุน ุฎุฏูุงุช PM2 ๐น
[2025-11-12 07:52:24] โ ูู ุดูุก ุงูุขู ูุนูู
[2025-11-12 07:52:35] ๐น ุฅููุงู ุฃู ุนูููุงุช ูุฏููุฉ ๐น
[2025-11-12 07:52:35] ๐น ุชุดุบูู ุงูุณูุฑูุฑ ูngrok ๐น
[2025-11-12 07:53:23] ๐น ุฅุนุงุฏุฉ ุชุดุบูู ุฌููุน ุฎุฏูุงุช PM2 ๐น
[2025-11-12 07:54:08] โ ูู ุดูุก ุงูุขู ูุนูู
[2025-11-12 07:54:18] ๐น ุฅููุงู ุฃู ุนูููุงุช ูุฏููุฉ ๐น
[2025-11-12 07:54:19] ๐น ุชุดุบูู ุงูุณูุฑูุฑ ูngrok ๐น
[2025-11-12 07:54:44] ngrok: https://multisegmented-spiriferous-alesia.ngrok-free.dev
[2025-11-12 07:55:12] ๐น ุฅุนุงุฏุฉ ุชุดุบูู ุฌููุน ุฎุฏูุงุช PM2 ๐น
[2025-11-12 07:55:49] โ ูู ุดูุก ุงูุขู ูุนูู
[2025-11-12 07:55:59] ๐น ุฅููุงู ุฃู ุนูููุงุช ูุฏููุฉ ๐น
[2025-11-12 07:56:00] ๐น ุชุดุบูู ุงูุณูุฑูุฑ ูngrok ๐น
[2025-11-12 07:56:37] ๐น ุฅุนุงุฏุฉ ุชุดุบูู ุฌููุน ุฎุฏูุงุช PM2 ๐น
[2025-11-12 07:56:41] ngrok: Binary file /home/athman/.ngrok/ngrok.log matches
[2025-11-12 07:57:18] โ ูู ุดูุก ุงูุขู ูุนูู
[2025-11-12 07:57:29] ๐น ุฅููุงู ุฃู ุนูููุงุช ูุฏููุฉ ๐น
[2025-11-12 07:57:29] ๐น ุชุดุบูู ุงูุณูุฑูุฑ ูngrok ๐น
[2025-11-12 07:58:30] ุฑุงุจุท ngrok: https://multisegmented-spiriferous-alesia.ngrok-free.dev
[2025-11-12 07:58:30] ๐น ุฅุนุงุฏุฉ ุชุดุบูู ุฌููุน ุฎุฏูุงุช PM2 ๐น
[2025-11-12 07:58:44] ngrok: https://multisegmented-spiriferous-alesia.ngrok-free.dev
[2025-11-12 07:59:23] โ ูู ุดูุก ุงูุขู ูุนูู
[2025-11-12 07:59:33] ๐น ุฅููุงู ุฃู ุนูููุงุช ูุฏููุฉ ๐น
[2025-11-12 07:59:34] ๐น ุชุดุบูู ุงูุณูุฑูุฑ ูngrok ๐น
[2025-11-12 08:00:01] ngrok: https://multisegmented-spiriferous-alesia.ngrok-free.dev
[2025-11-12 08:00:10] ๐น ุฅุนุงุฏุฉ ุชุดุบูู ุฌููุน ุฎุฏูุงุช PM2 ๐น
[2025-11-12 08:00:42] โ ูู ุดูุก ุงูุขู ูุนูู
[2025-11-12 08:00:53] ๐น ุฅููุงู ุฃู ุนูููุงุช ูุฏููุฉ ๐น
[2025-11-12 08:00:53] ๐น ุชุดุบูู ุงูุณูุฑูุฑ ูngrok ๐น
[2025-11-12 08:01:39] ุฑุงุจุท ngrok: https://multisegmented-spiriferous-alesia.ngrok-free.dev
[2025-11-12 08:01:39] ๐น ุฅุนุงุฏุฉ ุชุดุบูู ุฌููุน ุฎุฏูุงุช PM2 ๐น
[2025-11-12 08:01:55] ngrok: https://multisegmented-spiriferous-alesia.ngrok-free.dev
[2025-11-12 08:02:01] โ ูู ุดูุก ุงูุขู ูุนูู
[2025-11-12 08:02:11] ๐น ุฅููุงู ุฃู ุนูููุงุช ูุฏููุฉ ๐น
[2025-11-12 08:02:12] ๐น ุชุดุบูู ุงูุณูุฑูุฑ ูngrok ๐น
[2025-11-12 08:02:44] ุฑุงุจุท ngrok: https://multisegmented-spiriferous-alesia.ngrok-free.dev
[2025-11-12 08:02:44] ๐น ุฅุนุงุฏุฉ ุชุดุบูู ุฌููุน ุฎุฏูุงุช PM2 ๐น
[2025-11-12 08:02:51] ngrok: https://multisegmented-spiriferous-alesia.ngrok-free.dev
[2025-11-12 08:03:13] โ ูู ุดูุก ุงูุขู ูุนูู
[2025-11-12 08:03:23] ๐น ุฅููุงู ุฃู ุนูููุงุช ูุฏููุฉ ๐น
[2025-11-12 08:03:24] ๐น ุชุดุบูู ุงูุณูุฑูุฑ ูngrok ๐น
[2025-11-12 08:03:42] ngrok: https://multisegmented-spiriferous-alesia.ngrok-free.dev
[2025-11-12 08:03:49] ุฑุงุจุท ngrok: https://multisegmented-spiriferous-alesia.ngrok-free.dev
[2025-11-12 08:03:49] ๐น ุฅุนุงุฏุฉ ุชุดุบูู ุฌููุน ุฎุฏูุงุช PM2 ๐น
[2025-11-12 08:04:05] โ ูู ุดูุก ุงูุขู ูุนูู
[2025-11-12 08:04:15] ๐น ุฅููุงู ุฃู ุนูููุงุช ูุฏููุฉ ๐น
[2025-11-12 08:04:15] ๐น ุชุดุบูู ุงูุณูุฑูุฑ ูngrok ๐น
[2025-11-12 08:04:31] ngrok: https://multisegmented-spiriferous-alesia.ngrok-free.dev
[2025-11-12 08:04:46] ุฑุงุจุท ngrok: https://multisegmented-spiriferous-alesia.ngrok-free.dev
[2025-11-12 08:04:46] ๐น ุฅุนุงุฏุฉ ุชุดุบูู ุฌููุน ุฎุฏูุงุช PM2 ๐น
[2025-11-12 08:05:05] โ ูู ุดูุก ุงูุขู ูุนูู
[2025-11-12 08:05:16] ๐น ุฅููุงู ุฃู ุนูููุงุช ูุฏููุฉ ๐น
[2025-11-12 08:05:16] ๐น ุชุดุบูู ุงูุณูุฑูุฑ ูngrok ๐น
[2025-11-12 08:05:47] ๐น ุฅุนุงุฏุฉ ุชุดุบูู ุฌููุน ุฎุฏูุงุช PM2 ๐น
[2025-11-12 08:06:07] โ ูู ุดูุก ุงูุขู ูุนูู
[2025-11-12 08:06:12] ngrok: https://multisegmented-spiriferous-alesia.ngrok-free.dev
[2025-11-12 08:06:17] ๐น ุฅููุงู ุฃู ุนูููุงุช ูุฏููุฉ ๐น
[2025-11-12 08:06:18] ๐น ุชุดุบูู ุงูุณูุฑูุฑ ูngrok ๐น
[2025-11-12 08:06:48] ุฑุงุจุท ngrok: https://multisegmented-spiriferous-alesia.ngrok-free.dev
[2025-11-12 08:06:48] ๐น ุฅุนุงุฏุฉ ุชุดุบูู ุฌููุน ุฎุฏูุงุช PM2 ๐น
[2025-11-12 08:07:14] โ ูู ุดูุก ุงูุขู ูุนูู
[2025-11-12 08:07:24] ๐น ุฅููุงู ุฃู ุนูููุงุช ูุฏููุฉ ๐น
[2025-11-12 08:07:25] ๐น ุชุดุบูู ุงูุณูุฑูุฑ ูngrok ๐น
[2025-11-12 08:08:06] ๐น ุฅุนุงุฏุฉ ุชุดุบูู ุฌููุน ุฎุฏูุงุช PM2 ๐น
[2025-11-12 08:08:35] โ ูู ุดูุก ุงูุขู ูุนูู
[2025-11-12 08:08:37] ngrok: https://multisegmented-spiriferous-alesia.ngrok-free.dev
[2025-11-12 08:08:45] ๐น ุฅููุงู ุฃู ุนูููุงุช ูุฏููุฉ ๐น
[2025-11-12 08:08:46] ๐น ุชุดุบูู ุงูุณูุฑูุฑ ูngrok ๐น
[2025-11-12 08:09:15] ๐น ุฅุนุงุฏุฉ ุชุดุบูู ุฌููุน ุฎุฏูุงุช PM2 ๐น
[2025-11-12 08:09:42] โ ูู ุดูุก ุงูุขู ูุนูู
[2025-11-12 08:09:53] ๐น ุฅููุงู ุฃู ุนูููุงุช ูุฏููุฉ ๐น
[2025-11-12 08:09:53] ๐น ุชุดุบูู ุงูุณูุฑูุฑ ูngrok ๐น
[2025-11-12 08:10:18] ngrok: https://multisegmented-spiriferous-alesia.ngrok-free.dev
[2025-11-12 08:10:18] ุฑุงุจุท ngrok: https://multisegmented-spiriferous-alesia.ngrok-free.dev
[2025-11-12 08:10:18] ๐น ุฅุนุงุฏุฉ ุชุดุบูู ุฌููุน ุฎุฏูุงุช PM2 ๐น
[2025-11-12 08:10:47] โ ูู ุดูุก ุงูุขู ูุนูู
[2025-11-12 08:10:57] ๐น ุฅููุงู ุฃู ุนูููุงุช ูุฏููุฉ ๐น
[2025-11-12 08:10:57] ๐น ุชุดุบูู ุงูุณูุฑูุฑ ูngrok ๐น
[2025-11-12 08:11:31] ๐น ุฅุนุงุฏุฉ ุชุดุบูู ุฌููุน ุฎุฏูุงุช PM2 ๐น
[2025-11-12 08:11:50] โ ูู ุดูุก ุงูุขู ูุนูู
[2025-11-12 08:12:01] ๐น ุฅููุงู ุฃู ุนูููุงุช ูุฏููุฉ ๐น
[2025-11-12 08:12:01] ๐น ุชุดุบูู ุงูุณูุฑูุฑ ูngrok ๐น
[2025-11-12 08:12:02] ngrok: https://multisegmented-spiriferous-alesia.ngrok-free.dev
[2025-11-12 08:12:37] ๐น ุฅุนุงุฏุฉ ุชุดุบูู ุฌููุน ุฎุฏูุงุช PM2 ๐น
[2025-11-12 08:12:54] โ ูู ุดูุก ุงูุขู ูุนูู
[2025-11-12 08:12:54] ngrok: https://multisegmented-spiriferous-alesia.ngrok-free.dev
[2025-11-12 08:13:04] ๐น ุฅููุงู ุฃู ุนูููุงุช ูุฏููุฉ ๐น
[2025-11-12 08:13:05] ๐น ุชุดุบูู ุงูุณูุฑูุฑ ูngrok ๐น
[2025-11-12 08:13:29] ุฑุงุจุท ngrok: https://multisegmented-spiriferous-alesia.ngrok-free.dev
[2025-11-12 08:13:29] ๐น ุฅุนุงุฏุฉ ุชุดุบูู ุฌููุน ุฎุฏูุงุช PM2 ๐น
[2025-11-12 08:13:39] ngrok: https://multisegmented-spiriferous-alesia.ngrok-free.dev
[2025-11-12 08:13:58] โ ูู ุดูุก ุงูุขู ูุนูู
[2025-11-12 08:14:08] ๐น ุฅููุงู ุฃู ุนูููุงุช ูุฏููุฉ ๐น
[2025-11-12 08:14:09] ๐น ุชุดุบูู ุงูุณูุฑูุฑ ูngrok ๐น
[2025-11-12 08:14:33] ๐น ุฅุนุงุฏุฉ ุชุดุบูู ุฌููุน ุฎุฏูุงุช PM2 ๐น
[2025-11-12 08:14:34] ngrok: https://multisegmented-spiriferous-alesia.ngrok-free.dev
[2025-11-12 08:15:00] โ ูู ุดูุก ุงูุขู ูุนูู
[2025-11-12 08:15:11] ๐น ุฅููุงู ุฃู ุนูููุงุช ูุฏููุฉ ๐น
[2025-11-12 08:15:11] ๐น ุชุดุบูู ุงูุณูุฑูุฑ ูngrok ๐น
[2025-11-12 08:15:44] ๐น ุฅุนุงุฏุฉ ุชุดุบูู ุฌููุน ุฎุฏูุงุช PM2 ๐น
[2025-11-12 08:16:07] โ ูู ุดูุก ุงูุขู ูุนูู
[2025-11-12 08:16:17] ๐น ุฅููุงู ุฃู ุนูููุงุช ูุฏููุฉ ๐น
[2025-11-12 08:16:18] ๐น ุชุดุบูู ุงูุณูุฑูุฑ ูngrok ๐น
[2025-11-12 08:17:10] ๐น ุฅุนุงุฏุฉ ุชุดุบูู ุฌููุน ุฎุฏูุงุช PM2 ๐น
[2025-11-12 08:17:13] ngrok: https://multisegmented-spiriferous-alesia.ngrok-free.dev
[2025-11-12 08:17:36] โ ูู ุดูุก ุงูุขู ูุนูู
[2025-11-12 08:17:46] ๐น ุฅููุงู ุฃู ุนูููุงุช ูุฏููุฉ ๐น
[2025-11-12 08:17:47] ๐น ุชุดุบูู ุงูุณูุฑูุฑ ูngrok ๐น
[2025-11-12 08:18:06] ngrok: https://multisegmented-spiriferous-alesia.ngrok-free.dev
[2025-11-12 08:18:27] ุฑุงุจุท ngrok: https://multisegmented-spiriferous-alesia.ngrok-free.dev
[2025-11-12 08:18:27] ๐น ุฅุนุงุฏุฉ ุชุดุบูู ุฌููุน ุฎุฏูุงุช PM2 ๐น
[2025-11-12 08:18:42] โ ูู ุดูุก ุงูุขู ูุนูู
[2025-11-12 08:18:54] ๐น ุฅููุงู ุฃู ุนูููุงุช ูุฏููุฉ ๐น
[2025-11-12 08:18:56] ๐น ุชุดุบูู ุงูุณูุฑูุฑ ูngrok ๐น
[2025-11-12 08:20:21] ุฑุงุจุท ngrok: https://multisegmented-spiriferous-alesia.ngrok-free.dev
[2025-11-12 08:20:21] ๐น ุฅุนุงุฏุฉ ุชุดุบูู ุฌููุน ุฎุฏูุงุช PM2 ๐น
[2025-11-12 08:20:41] โ ูู ุดูุก ุงูุขู ูุนูู
[2025-11-12 08:20:51] ๐น ุฅููุงู ุฃู ุนูููุงุช ูุฏููุฉ ๐น
[2025-11-12 08:20:51] ๐น ุชุดุบูู ุงูุณูุฑูุฑ ูngrok ๐น
[2025-11-12 08:21:18] ุฑุงุจุท ngrok: https://multisegmented-spiriferous-alesia.ngrok-free.dev
[2025-11-12 08:21:18] ๐น ุฅุนุงุฏุฉ ุชุดุบูู ุฌููุน ุฎุฏูุงุช PM2 ๐น
[2025-11-12 08:21:57] โ ูู ุดูุก ุงูุขู ูุนูู
[2025-11-12 08:22:07] ๐น ุฅููุงู ุฃู ุนูููุงุช ูุฏููุฉ ๐น
[2025-11-12 08:22:08] ๐น ุชุดุบูู ุงูุณูุฑูุฑ ูngrok ๐น
[2025-11-12 08:22:24] ngrok: Binary file /home/athman/.ngrok/ngrok.log matches
[2025-11-12 08:22:40] ุฑุงุจุท ngrok: https://multisegmented-spiriferous-alesia.ngrok-free.dev
[2025-11-12 08:22:40] ๐น ุฅุนุงุฏุฉ ุชุดุบูู ุฌููุน ุฎุฏูุงุช PM2 ๐น
[2025-11-12 08:23:00] โ ูู ุดูุก ุงูุขู ูุนูู
[2025-11-12 08:23:11] ๐น ุฅููุงู ุฃู ุนูููุงุช ูุฏููุฉ ๐น
[2025-11-12 08:23:11] ๐น ุชุดุบูู ุงูุณูุฑูุฑ ูngrok ๐น
[2025-11-12 08:23:49] ุฑุงุจุท ngrok: https://multisegmented-spiriferous-alesia.ngrok-free.dev
[2025-11-12 08:23:49] ๐น ุฅุนุงุฏุฉ ุชุดุบูู ุฌููุน ุฎุฏูุงุช PM2 ๐น
[2025-11-12 08:24:13] ngrok: Binary file /home/athman/.ngrok/ngrok.log matches
[2025-11-12 08:24:17] โ ูู ุดูุก ุงูุขู ูุนูู
[2025-11-12 08:24:27] ๐น ุฅููุงู ุฃู ุนูููุงุช ูุฏููุฉ ๐น
[2025-11-12 08:24:29] ๐น ุชุดุบูู ุงูุณูุฑูุฑ ูngrok ๐น
[2025-11-12 08:25:08] ุฑุงุจุท ngrok: https://multisegmented-spiriferous-alesia.ngrok-free.dev
[2025-11-12 08:25:08] ๐น ุฅุนุงุฏุฉ ุชุดุบูู ุฌููุน ุฎุฏูุงุช PM2 ๐น
[2025-11-12 08:25:16] ngrok: https://multisegmented-spiriferous-alesia.ngrok-free.dev
[2025-11-12 08:25:50] โ ูู ุดูุก ุงูุขู ูุนูู
[2025-11-12 08:26:00] ๐น ุฅููุงู ุฃู ุนูููุงุช ูุฏููุฉ ๐น
[2025-11-12 08:26:01] ๐น ุชุดุบูู ุงูุณูุฑูุฑ ูngrok ๐น
[2025-11-12 08:26:12] ngrok: https://multisegmented-spiriferous-alesia.ngrok-free.dev
[2025-11-12 08:26:48] ุฑุงุจุท ngrok: https://multisegmented-spiriferous-alesia.ngrok-free.dev
[2025-11-12 08:26:48] ๐น ุฅุนุงุฏุฉ ุชุดุบูู ุฌููุน ุฎุฏูุงุช PM2 ๐น
[2025-11-12 08:27:11] โ ูู ุดูุก ุงูุขู ูุนูู
[2025-11-12 08:27:13] ngrok: https://multisegmented-spiriferous-alesia.ngrok-free.dev
[2025-11-12 08:27:22] ๐น ุฅููุงู ุฃู ุนูููุงุช ูุฏููุฉ ๐น
[2025-11-12 08:27:22] ๐น ุชุดุบูู ุงูุณูุฑูุฑ ูngrok ๐น
[2025-11-12 08:27:46] ุฑุงุจุท ngrok: https://multisegmented-spiriferous-alesia.ngrok-free.dev
[2025-11-12 08:27:46] ๐น ุฅุนุงุฏุฉ ุชุดุบูู ุฌููุน ุฎุฏูุงุช PM2 ๐น
[2025-11-12 08:27:57] ngrok: https://multisegmented-spiriferous-alesia.ngrok-free.dev
[2025-11-12 08:28:00] โ ูู ุดูุก ุงูุขู ูุนูู
[2025-11-12 08:28:11] ๐น ุฅููุงู ุฃู ุนูููุงุช ูุฏููุฉ ๐น
[2025-11-12 08:28:11] ๐น ุชุดุบูู ุงูุณูุฑูุฑ ูngrok ๐น
[2025-11-12 08:28:34] ุฑุงุจุท ngrok: https://multisegmented-spiriferous-alesia.ngrok-free.dev
[2025-11-12 08:28:34] ๐น ุฅุนุงุฏุฉ ุชุดุบูู ุฌููุน ุฎุฏูุงุช PM2 ๐น
[2025-11-12 08:28:45] ngrok: https://multisegmented-spiriferous-alesia.ngrok-free.dev
[2025-11-12 08:29:02] โ ูู ุดูุก ุงูุขู ูุนูู
[2025-11-12 08:29:12] ๐น ุฅููุงู ุฃู ุนูููุงุช ูุฏููุฉ ๐น
[2025-11-12 08:29:12] ๐น ุชุดุบูู ุงูุณูุฑูุฑ ูngrok ๐น
[2025-11-12 08:29:36] ุฑุงุจุท ngrok: https://multisegmented-spiriferous-alesia.ngrok-free.dev
[2025-11-12 08:29:36] ๐น ุฅุนุงุฏุฉ ุชุดุบูู ุฌููุน ุฎุฏูุงุช PM2 ๐น
[2025-11-12 08:29:37] ngrok: https://multisegmented-spiriferous-alesia.ngrok-free.dev
[2025-11-12 08:29:56] โ ูู ุดูุก ุงูุขู ูุนูู
[2025-11-12 08:30:06] ๐น ุฅููุงู ุฃู ุนูููุงุช ูุฏููุฉ ๐น
[2025-11-12 08:30:07] ๐น ุชุดุบูู ุงูุณูุฑูุฑ ูngrok ๐น
[2025-11-12 08:30:31] ngrok: https://multisegmented-spiriferous-alesia.ngrok-free.dev
[2025-11-12 08:30:31] ุฑุงุจุท ngrok: https://multisegmented-spiriferous-alesia.ngrok-free.dev
[2025-11-12 08:30:31] ๐น ุฅุนุงุฏุฉ ุชุดุบูู ุฌููุน ุฎุฏูุงุช PM2 ๐น
[2025-11-12 08:31:01] โ ูู ุดูุก ุงูุขู ูุนูู
[2025-11-12 08:31:11] ๐น ุฅููุงู ุฃู ุนูููุงุช ูุฏููุฉ ๐น
[2025-11-12 08:31:12] ๐น ุชุดุบูู ุงูุณูุฑูุฑ ูngrok ๐น
[2025-11-12 08:31:43] ุฑุงุจุท ngrok: https://multisegmented-spiriferous-alesia.ngrok-free.dev
[2025-11-12 08:31:44] ๐น ุฅุนุงุฏุฉ ุชุดุบูู ุฌููุน ุฎุฏูุงุช PM2 ๐น
[2025-11-12 08:32:04] โ ูู ุดูุก ุงูุขู ูุนูู
[2025-11-12 08:32:15] ๐น ุฅููุงู ุฃู ุนูููุงุช ูุฏููุฉ ๐น
[2025-11-12 08:32:17] ๐น ุชุดุบูู ุงูุณูุฑูุฑ ูngrok ๐น
[2025-11-12 08:33:05] ุฑุงุจุท ngrok: https://multisegmented-spiriferous-alesia.ngrok-free.dev
[2025-11-12 08:33:05] ๐น ุฅุนุงุฏุฉ ุชุดุบูู ุฌููุน ุฎุฏูุงุช PM2 ๐น
[2025-11-12 08:33:28] ngrok: https://multisegmented-spiriferous-alesia.ngrok-free.dev
[2025-11-12 08:33:35] โ ูู ุดูุก ุงูุขู ูุนูู
[2025-11-12 08:33:45] ๐น ุฅููุงู ุฃู ุนูููุงุช ูุฏููุฉ ๐น
[2025-11-12 08:33:45] ๐น ุชุดุบูู ุงูุณูุฑูุฑ ูngrok ๐น
[2025-11-12 08:34:13] ๐น ุฅุนุงุฏุฉ ุชุดุบูู ุฌููุน ุฎุฏูุงุช PM2 ๐น
[2025-11-12 08:34:18] ngrok: Binary file /home/athman/.ngrok/ngrok.log matches
[2025-11-12 08:34:43] โ ูู ุดูุก ุงูุขู ูุนูู
[2025-11-12 08:34:53] ๐น ุฅููุงู ุฃู ุนูููุงุช ูุฏููุฉ ๐น
[2025-11-12 08:34:54] ๐น ุชุดุบูู ุงูุณูุฑูุฑ ูngrok ๐น
[2025-11-12 08:35:12] ngrok: https://multisegmented-spiriferous-alesia.ngrok-free.dev
[2025-11-12 08:36:04] ุฑุงุจุท ngrok: https://multisegmented-spiriferous-alesia.ngrok-free.dev
[2025-11-12 08:36:04] ๐น ุฅุนุงุฏุฉ ุชุดุบูู ุฌููุน ุฎุฏูุงุช PM2 ๐น
[2025-11-12 08:36:58] โ ูู ุดูุก ุงูุขู ูุนูู
[2025-11-12 08:37:08] ๐น ุฅููุงู ุฃู ุนูููุงุช ูุฏููุฉ ๐น
[2025-11-12 08:37:10] ๐น ุชุดุบูู ุงูุณูุฑูุฑ ูngrok ๐น
[2025-11-12 08:37:53] ุฑุงุจุท ngrok: https://multisegmented-spiriferous-alesia.ngrok-free.dev
[2025-11-12 08:37:53] ๐น ุฅุนุงุฏุฉ ุชุดุบูู ุฌููุน ุฎุฏูุงุช PM2 ๐น
[2025-11-12 08:37:54] ngrok: https://multisegmented-spiriferous-alesia.ngrok-free.dev
[2025-11-12 08:38:33] โ ูู ุดูุก ุงูุขู ูุนูู
[2025-11-12 08:38:43] ๐น ุฅููุงู ุฃู ุนูููุงุช ูุฏููุฉ ๐น
[2025-11-12 08:38:44] ๐น ุชุดุบูู ุงูุณูุฑูุฑ ูngrok ๐น
[2025-11-12 08:39:36] ๐น ุฅุนุงุฏุฉ ุชุดุบูู ุฌููุน ุฎุฏูุงุช PM2 ๐น
[2025-11-12 08:39:52] โ ูู ุดูุก ุงูุขู ูุนูู
[2025-11-12 08:40:00] ngrok: https://multisegmented-spiriferous-alesia.ngrok-free.dev
[2025-11-12 08:40:02] ๐น ุฅููุงู ุฃู ุนูููุงุช ูุฏููุฉ ๐น
[2025-11-12 08:40:03] ๐น ุชุดุบูู ุงูุณูุฑูุฑ ูngrok ๐น
[2025-11-12 08:40:36] ุฑุงุจุท ngrok: https://multisegmented-spiriferous-alesia.ngrok-free.dev
[2025-11-12 08:40:36] ๐น ุฅุนุงุฏุฉ ุชุดุบูู ุฌููุน ุฎุฏูุงุช PM2 ๐น
[2025-11-12 08:40:55] ngrok: https://multisegmented-spiriferous-alesia.ngrok-free.dev
[2025-11-12 08:41:10] โ ูู ุดูุก ุงูุขู ูุนูู
[2025-11-12 08:41:21] ๐น ุฅููุงู ุฃู ุนูููุงุช ูุฏููุฉ ๐น
[2025-11-12 08:41:21] ๐น ุชุดุบูู ุงูุณูุฑูุฑ ูngrok ๐น
[2025-11-12 08:41:45] ngrok: https://multisegmented-spiriferous-alesia.ngrok-free.dev
[2025-11-12 08:41:54] ุฑุงุจุท ngrok: https://multisegmented-spiriferous-alesia.ngrok-free.dev
[2025-11-12 08:41:54] ๐น ุฅุนุงุฏุฉ ุชุดุบูู ุฌููุน ุฎุฏูุงุช PM2 ๐น
[2025-11-12 08:42:25] โ ูู ุดูุก ุงูุขู ูุนูู
[2025-11-12 08:42:36] ๐น ุฅููุงู ุฃู ุนูููุงุช ูุฏููุฉ ๐น
[2025-11-12 08:42:36] ๐น ุชุดุบูู ุงูุณูุฑูุฑ ูngrok ๐น
[2025-11-12 08:42:44] ngrok: Binary file /home/athman/.ngrok/ngrok.log matches
[2025-11-12 08:43:27] ุฑุงุจุท ngrok: https://multisegmented-spiriferous-alesia.ngrok-free.dev
[2025-11-12 08:43:27] ๐น ุฅุนุงุฏุฉ ุชุดุบูู ุฌููุน ุฎุฏูุงุช PM2 ๐น
[2025-11-12 08:43:49] ngrok: https://multisegmented-spiriferous-alesia.ngrok-free.dev
[2025-11-12 08:43:55] โ ูู ุดูุก ุงูุขู ูุนูู
[2025-11-12 08:44:06] ๐น ุฅููุงู ุฃู ุนูููุงุช ูุฏููุฉ ๐น
[2025-11-12 08:44:07] ๐น ุชุดุบูู ุงูุณูุฑูุฑ ูngrok ๐น
[2025-11-12 08:44:38] ุฑุงุจุท ngrok: https://multisegmented-spiriferous-alesia.ngrok-free.dev
[2025-11-12 08:44:38] ๐น ุฅุนุงุฏุฉ ุชุดุบูู ุฌููุน ุฎุฏูุงุช PM2 ๐น
[2025-11-12 08:45:08] โ ูู ุดูุก ุงูุขู ูุนูู
[2025-11-12 08:45:18] ๐น ุฅููุงู ุฃู ุนูููุงุช ูุฏููุฉ ๐น
[2025-11-12 08:45:19] ๐น ุชุดุบูู ุงูุณูุฑูุฑ ูngrok ๐น
[2025-11-12 08:45:41] ngrok: https://multisegmented-spiriferous-alesia.ngrok-free.dev
[2025-11-12 08:45:52] ๐น ุฅุนุงุฏุฉ ุชุดุบูู ุฌููุน ุฎุฏูุงุช PM2 ๐น
[2025-11-12 08:46:17] โ ูู ุดูุก ุงูุขู ูุนูู
[2025-11-12 08:46:28] ๐น ุฅููุงู ุฃู ุนูููุงุช ูุฏููุฉ ๐น
[2025-11-12 08:46:28] ๐น ุชุดุบูู ุงูุณูุฑูุฑ ูngrok ๐น
[2025-11-12 08:47:12] ๐น ุฅุนุงุฏุฉ ุชุดุบูู ุฌููุน ุฎุฏูุงุช PM2 ๐น
[2025-11-12 08:48:28] ๐น ุฅููุงู ุฃู ุนูููุงุช ูุฏููุฉ ๐น
[2025-11-12 08:48:29] ๐น ุชุดุบูู ุงูุณูุฑูุฑ ูngrok ๐น
[2025-11-12 08:49:23] ุฑุงุจุท ngrok: https://multisegmented-spiriferous-alesia.ngrok-free.dev
[2025-11-12 08:49:23] ๐น ุฅุนุงุฏุฉ ุชุดุบูู ุฌููุน ุฎุฏูุงุช PM2 ๐น
[2025-11-12 08:49:28] โ ูู ุดูุก ุงูุขู ูุนูู
[2025-11-12 08:49:39] ๐น ุฅููุงู ุฃู ุนูููุงุช ูุฏููุฉ ๐น
[2025-11-12 08:49:39] ๐น ุชุดุบูู ุงูุณูุฑูุฑ ูngrok ๐น
[2025-11-12 08:49:52] ๐น ุฅุนุงุฏุฉ ุชุดุบูู ุฌููุน ุฎุฏูุงุช PM2 ๐น
[2025-11-12 08:50:40] โ ูู ุดูุก ุงูุขู ูุนูู
[2025-11-12 08:50:50] ๐น ุฅููุงู ุฃู ุนูููุงุช ูุฏููุฉ ๐น
[2025-11-12 08:50:51] ๐น ุชุดุบูู ุงูุณูุฑูุฑ ูngrok ๐น
[2025-11-12 08:50:58] ngrok: https://multisegmented-spiriferous-alesia.ngrok-free.dev
[2025-11-12 08:51:42] ๐น ุฅุนุงุฏุฉ ุชุดุบูู ุฌููุน ุฎุฏูุงุช PM2 ๐น
[2025-11-12 08:52:07] โ ูู ุดูุก ุงูุขู ูุนูู
[2025-11-12 08:52:18] ๐น ุฅููุงู ุฃู ุนูููุงุช ูุฏููุฉ ๐น
[2025-11-12 08:52:19] ๐น ุชุดุบูู ุงูุณูุฑูุฑ ูngrok ๐น
[2025-11-12 08:52:57] ๐น ุฅุนุงุฏุฉ ุชุดุบูู ุฌููุน ุฎุฏูุงุช PM2 ๐น
[2025-11-12 08:53:52] โ ูู ุดูุก ุงูุขู ูุนูู
[2025-11-12 08:54:03] ๐น ุฅููุงู ุฃู ุนูููุงุช ูุฏููุฉ ๐น
[2025-11-12 08:54:03] ๐น ุชุดุบูู ุงูุณูุฑูุฑ ูngrok ๐น
[2025-11-12 08:54:18] ngrok: https://multisegmented-spiriferous-alesia.ngrok-free.dev
[2025-11-12 08:54:45] ๐น ุฅุนุงุฏุฉ ุชุดุบูู ุฌููุน ุฎุฏูุงุช PM2 ๐น
[2025-11-12 08:55:13] โ ูู ุดูุก ุงูุขู ูุนูู
[2025-11-12 08:55:17] ngrok: https://multisegmented-spiriferous-alesia.ngrok-free.dev
[2025-11-12 08:55:24] ๐น ุฅููุงู ุฃู ุนูููุงุช ูุฏููุฉ ๐น
[2025-11-12 08:55:26] ๐น ุชุดุบูู ุงูุณูุฑูุฑ ูngrok ๐น
[2025-11-12 08:56:14] ุฑุงุจุท ngrok: https://multisegmented-spiriferous-alesia.ngrok-free.dev
[2025-11-12 08:56:14] ๐น ุฅุนุงุฏุฉ ุชุดุบูู ุฌููุน ุฎุฏูุงุช PM2 ๐น
[2025-11-12 08:57:01] โ ูู ุดูุก ุงูุขู ูุนูู
[2025-11-12 08:57:12] ๐น ุฅููุงู ุฃู ุนูููุงุช ูุฏููุฉ ๐น
[2025-11-12 08:57:13] ๐น ุชุดุบูู ุงูุณูุฑูุฑ ูngrok ๐น
[2025-11-12 08:57:25] ngrok: https://multisegmented-spiriferous-alesia.ngrok-free.dev
[2025-11-12 08:58:07] ุฑุงุจุท ngrok: https://multisegmented-spiriferous-alesia.ngrok-free.dev
[2025-11-12 08:58:08] ๐น ุฅุนุงุฏุฉ ุชุดุบูู ุฌููุน ุฎุฏูุงุช PM2 ๐น
[2025-11-12 08:58:51] โ ูู ุดูุก ุงูุขู ูุนูู
[2025-11-12 08:59:02] ๐น ุฅููุงู ุฃู ุนูููุงุช ูุฏููุฉ ๐น
[2025-11-12 08:59:04] ๐น ุชุดุบูู ุงูุณูุฑูุฑ ูngrok ๐น
[2025-11-12 08:59:27] ngrok: https://multisegmented-spiriferous-alesia.ngrok-free.dev
[2025-11-12 08:59:54] ุฑุงุจุท ngrok: https://multisegmented-spiriferous-alesia.ngrok-free.dev
[2025-11-12 08:59:54] ๐น ุฅุนุงุฏุฉ ุชุดุบูู ุฌููุน ุฎุฏูุงุช PM2 ๐น
[2025-11-12 09:00:21] โ ูู ุดูุก ุงูุขู ูุนูู
[2025-11-12 09:00:24] ngrok: https://multisegmented-spiriferous-alesia.ngrok-free.dev
[2025-11-12 09:00:31] ๐น ุฅููุงู ุฃู ุนูููุงุช ูุฏููุฉ ๐น
[2025-11-12 09:00:32] ๐น ุชุดุบูู ุงูุณูุฑูุฑ ูngrok ๐น
[2025-11-12 09:01:06] ุฑุงุจุท ngrok: https://multisegmented-spiriferous-alesia.ngrok-free.dev
[2025-11-12 09:01:06] ๐น ุฅุนุงุฏุฉ ุชุดุบูู ุฌููุน ุฎุฏูุงุช PM2 ๐น
[2025-11-12 09:01:15] ngrok: https://multisegmented-spiriferous-alesia.ngrok-free.dev
[2025-11-12 09:01:35] โ ูู ุดูุก ุงูุขู ูุนูู
[2025-11-12 09:01:45] ๐น ุฅููุงู ุฃู ุนูููุงุช ูุฏููุฉ ๐น
[2025-11-12 09:01:45] ๐น ุชุดุบูู ุงูุณูุฑูุฑ ูngrok ๐น
[2025-11-12 09:02:04] ngrok: https://multisegmented-spiriferous-alesia.ngrok-free.dev
[2025-11-12 09:02:19] ุฑุงุจุท ngrok: https://multisegmented-spiriferous-alesia.ngrok-free.dev
[2025-11-12 09:02:19] ๐น ุฅุนุงุฏุฉ ุชุดุบูู ุฌููุน ุฎุฏูุงุช PM2 ๐น
[2025-11-12 09:02:52] โ ูู ุดูุก ุงูุขู ูุนูู
[2025-11-12 09:02:59] ngrok: https://multisegmented-spiriferous-alesia.ngrok-free.dev
[2025-11-12 09:03:03] ๐น ุฅููุงู ุฃู ุนูููุงุช ูุฏููุฉ ๐น
[2025-11-12 09:03:05] ๐น ุชุดุบูู ุงูุณูุฑูุฑ ูngrok ๐น
[2025-11-12 09:03:48] ุฑุงุจุท ngrok: https://multisegmented-spiriferous-alesia.ngrok-free.dev
[2025-11-12 09:03:48] ๐น ุฅุนุงุฏุฉ ุชุดุบูู ุฌููุน ุฎุฏูุงุช PM2 ๐น
[2025-11-12 09:04:01] โ ูู ุดูุก ุงูุขู ูุนูู
[2025-11-12 09:04:06] ngrok: Binary file /home/athman/.ngrok/ngrok.log matches
[2025-11-12 09:04:12] ๐น ุฅููุงู ุฃู ุนูููุงุช ูุฏููุฉ ๐น
[2025-11-12 09:04:13] ๐น ุชุดุบูู ุงูุณูุฑูุฑ ูngrok ๐น
[2025-11-12 09:04:46] ุฑุงุจุท ngrok: https://multisegmented-spiriferous-alesia.ngrok-free.dev
[2025-11-12 09:04:46] ๐น ุฅุนุงุฏุฉ ุชุดุบูู ุฌููุน ุฎุฏูุงุช PM2 ๐น
[2025-11-12 09:04:57] ngrok: Binary file /home/athman/.ngrok/ngrok.log matches
[2025-11-12 09:05:05] โ ูู ุดูุก ุงูุขู ูุนูู
[2025-11-12 09:05:15] ๐น ุฅููุงู ุฃู ุนูููุงุช ูุฏููุฉ ๐น
[2025-11-12 09:05:15] ๐น ุชุดุบูู ุงูุณูุฑูุฑ ูngrok ๐น
[2025-11-12 09:05:42] ๐น ุฅุนุงุฏุฉ ุชุดุบูู ุฌููุน ุฎุฏูุงุช PM2 ๐น
[2025-11-12 09:05:47] ngrok: Binary file /home/athman/.ngrok/ngrok.log matches
[2025-11-12 09:06:09] โ ูู ุดูุก ุงูุขู ูุนูู
[2025-11-12 09:06:20] ๐น ุฅููุงู ุฃู ุนูููุงุช ูุฏููุฉ ๐น
[2025-11-12 09:06:20] ๐น ุชุดุบูู ุงูุณูุฑูุฑ ูngrok ๐น
[2025-11-12 09:06:46] ngrok: Binary file /home/athman/.ngrok/ngrok.log matches
[2025-11-12 09:07:09] ุฑุงุจุท ngrok: https://multisegmented-spiriferous-alesia.ngrok-free.dev
[2025-11-12 09:07:09] ๐น ุฅุนุงุฏุฉ ุชุดุบูู ุฌููุน ุฎุฏูุงุช PM2 ๐น
[2025-11-12 09:07:34] โ ูู ุดูุก ุงูุขู ูุนูู
[2025-11-12 09:07:43] ngrok: Binary file /home/athman/.ngrok/ngrok.log matches
[2025-11-12 09:07:45] ๐น ุฅููุงู ุฃู ุนูููุงุช ูุฏููุฉ ๐น
[2025-11-12 09:07:46] ๐น ุชุดุบูู ุงูุณูุฑูุฑ ูngrok ๐น
[2025-11-12 09:08:16] ุฑุงุจุท ngrok: https://multisegmented-spiriferous-alesia.ngrok-free.dev
[2025-11-12 09:08:16] ๐น ุฅุนุงุฏุฉ ุชุดุบูู ุฌููุน ุฎุฏูุงุช PM2 ๐น
[2025-11-12 09:08:33] โ ูู ุดูุก ุงูุขู ูุนูู
[2025-11-12 09:08:34] ngrok: https://multisegmented-spiriferous-alesia.ngrok-free.dev
[2025-11-12 09:08:44] ๐น ุฅููุงู ุฃู ุนูููุงุช ูุฏููุฉ ๐น
[2025-11-12 09:08:44] ๐น ุชุดุบูู ุงูุณูุฑูุฑ ูngrok ๐น
[2025-11-12 09:09:06] ุฑุงุจุท ngrok: https://multisegmented-spiriferous-alesia.ngrok-free.dev
[2025-11-12 09:09:06] ๐น ุฅุนุงุฏุฉ ุชุดุบูู ุฌููุน ุฎุฏูุงุช PM2 ๐น
[2025-11-12 09:09:18] ngrok: Binary file /home/athman/.ngrok/ngrok.log matches
[2025-11-12 09:09:39] โ ูู ุดูุก ุงูุขู ูุนูู
[2025-11-12 09:09:49] ๐น ุฅููุงู ุฃู ุนูููุงุช ูุฏููุฉ ๐น
[2025-11-12 09:09:50] ๐น ุชุดุบูู ุงูุณูุฑูุฑ ูngrok ๐น
[2025-11-12 09:10:15] ngrok: https://multisegmented-spiriferous-alesia.ngrok-free.dev
[2025-11-12 09:10:22] ุฑุงุจุท ngrok: https://multisegmented-spiriferous-alesia.ngrok-free.dev
[2025-11-12 09:10:22] ๐น ุฅุนุงุฏุฉ ุชุดุบูู ุฌููุน ุฎุฏูุงุช PM2 ๐น
[2025-11-12 09:10:55] โ ูู ุดูุก ุงูุขู ูุนูู
[2025-11-12 09:11:05] ๐น ุฅููุงู ุฃู ุนูููุงุช ูุฏููุฉ ๐น
[2025-11-12 09:11:06] ๐น ุชุดุบูู ุงูุณูุฑูุฑ ูngrok ๐น
[2025-11-12 09:11:55] ุฑุงุจุท ngrok: https://multisegmented-spiriferous-alesia.ngrok-free.dev
[2025-11-12 09:11:55] ๐น ุฅุนุงุฏุฉ ุชุดุบูู ุฌููุน ุฎุฏูุงุช PM2 ๐น
[2025-11-12 09:12:21] ngrok: https://multisegmented-spiriferous-alesia.ngrok-free.dev
[2025-11-12 09:12:32] โ ูู ุดูุก ุงูุขู ูุนูู
[2025-11-12 09:12:43] ๐น ุฅููุงู ุฃู ุนูููุงุช ูุฏููุฉ ๐น
[2025-11-12 09:12:43] ๐น ุชุดุบูู ุงูุณูุฑูุฑ ูngrok ๐น
[2025-11-12 09:13:11] ๐น ุฅุนุงุฏุฉ ุชุดุบูู ุฌููุน ุฎุฏูุงุช PM2 ๐น
[2025-11-12 09:13:15] ngrok: Binary file /home/athman/.ngrok/ngrok.log matches
[2025-11-12 09:13:41] โ ูู ุดูุก ุงูุขู ูุนูู
[2025-11-12 09:13:51] ๐น ุฅููุงู ุฃู ุนูููุงุช ูุฏููุฉ ๐น
[2025-11-12 09:13:52] ๐น ุชุดุบูู ุงูุณูุฑูุฑ ูngrok ๐น
[2025-11-12 09:14:09] ngrok: Binary file /home/athman/.ngrok/ngrok.log matches
[2025-11-12 09:14:28] ุฑุงุจุท ngrok: https://multisegmented-spiriferous-alesia.ngrok-free.dev
[2025-11-12 09:14:28] ๐น ุฅุนุงุฏุฉ ุชุดุบูู ุฌููุน ุฎุฏูุงุช PM2 ๐น
[2025-11-12 09:14:50] โ ูู ุดูุก ุงูุขู ูุนูู
[2025-11-12 09:15:01] ๐น ุฅููุงู ุฃู ุนูููุงุช ูุฏููุฉ ๐น
[2025-11-12 09:15:01] ๐น ุชุดุบูู ุงูุณูุฑูุฑ ูngrok ๐น
[2025-11-12 09:15:01] ngrok: https://multisegmented-spiriferous-alesia.ngrok-free.dev
[2025-11-12 09:15:36] ุฑุงุจุท ngrok: https://multisegmented-spiriferous-alesia.ngrok-free.dev
[2025-11-12 09:15:36] ๐น ุฅุนุงุฏุฉ ุชุดุบูู ุฌููุน ุฎุฏูุงุช PM2 ๐น
[2025-11-12 09:15:56] โ ูู ุดูุก ุงูุขู ูุนูู
[2025-11-12 09:15:58] ngrok: https://multisegmented-spiriferous-alesia.ngrok-free.dev
[2025-11-12 09:16:06] ๐น ุฅููุงู ุฃู ุนูููุงุช ูุฏููุฉ ๐น
[2025-11-12 09:16:06] ๐น ุชุดุบูู ุงูุณูุฑูุฑ ูngrok ๐น
[2025-11-12 09:16:35] ุฑุงุจุท ngrok: https://multisegmented-spiriferous-alesia.ngrok-free.dev
[2025-11-12 09:16:36] ๐น ุฅุนุงุฏุฉ ุชุดุบูู ุฌููุน ุฎุฏูุงุช PM2 ๐น
[2025-11-12 09:17:40] โ ูู ุดูุก ุงูุขู ูุนูู
[2025-11-12 09:17:50] ๐น ุฅููุงู ุฃู ุนูููุงุช ูุฏููุฉ ๐น
[2025-11-12 09:17:51] ๐น ุชุดุบูู ุงูุณูุฑูุฑ ูngrok ๐น
[2025-11-12 09:17:59] ngrok: https://multisegmented-spiriferous-alesia.ngrok-free.dev
[2025-11-12 09:19:09] ุฑุงุจุท ngrok: https://multisegmented-spiriferous-alesia.ngrok-free.dev
[2025-11-12 09:19:09] ๐น ุฅุนุงุฏุฉ ุชุดุบูู ุฌููุน ุฎุฏูุงุช PM2 ๐น
[2025-11-12 09:20:22] โ ูู ุดูุก ุงูุขู ูุนูู
[2025-11-12 09:20:32] ๐น ุฅููุงู ุฃู ุนูููุงุช ูุฏููุฉ ๐น
[2025-11-12 09:20:33] ๐น ุชุดุบูู ุงูุณูุฑูุฑ ูngrok ๐น
[2025-11-12 09:21:35] ุฑุงุจุท ngrok: https://multisegmented-spiriferous-alesia.ngrok-free.dev
[2025-11-12 09:21:35] ๐น ุฅุนุงุฏุฉ ุชุดุบูู ุฌููุน ุฎุฏูุงุช PM2 ๐น
[2025-11-12 09:22:14] โ ูู ุดูุก ุงูุขู ูุนูู
[2025-11-12 09:22:25] ๐น ุฅููุงู ุฃู ุนูููุงุช ูุฏููุฉ ๐น
[2025-11-12 09:22:25] ๐น ุชุดุบูู ุงูุณูุฑูุฑ ูngrok ๐น
[2025-11-12 09:23:01] ngrok: https://multisegmented-spiriferous-alesia.ngrok-free.dev
[2025-11-12 09:23:02] ุฑุงุจุท ngrok: https://multisegmented-spiriferous-alesia.ngrok-free.dev
[2025-11-12 09:23:02] ๐น ุฅุนุงุฏุฉ ุชุดุบูู ุฌููุน ุฎุฏูุงุช PM2 ๐น
[2025-11-12 09:23:56] โ ูู ุดูุก ุงูุขู ูุนูู
[2025-11-12 09:24:07] ๐น ุฅููุงู ุฃู ุนูููุงุช ูุฏููุฉ ๐น
[2025-11-12 09:24:08] ๐น ุชุดุบูู ุงูุณูุฑูุฑ ูngrok ๐น
[2025-11-12 09:25:06] ๐น ุฅุนุงุฏุฉ ุชุดุบูู ุฌููุน ุฎุฏูุงุช PM2 ๐น
[2025-11-12 09:25:55] โ ูู ุดูุก ุงูุขู ูุนูู
[2025-11-12 09:26:06] ๐น ุฅููุงู ุฃู ุนูููุงุช ูุฏููุฉ ๐น
[2025-11-12 09:26:06] ๐น ุชุดุบูู ุงูุณูุฑูุฑ ูngrok ๐น
[2025-11-12 09:26:31] ngrok: https://multisegmented-spiriferous-alesia.ngrok-free.dev
[2025-11-12 09:26:57] ุฑุงุจุท ngrok: https://multisegmented-spiriferous-alesia.ngrok-free.dev
[2025-11-12 09:26:57] ๐น ุฅุนุงุฏุฉ ุชุดุบูู ุฌููุน ุฎุฏูุงุช PM2 ๐น
[2025-11-12 09:27:33] โ ูู ุดูุก ุงูุขู ูุนูู
[2025-11-12 09:27:44] ๐น ุฅููุงู ุฃู ุนูููุงุช ูุฏููุฉ ๐น
[2025-11-12 09:27:45] ๐น ุชุดุบูู ุงูุณูุฑูุฑ ูngrok ๐น
[2025-11-12 09:28:44] ุฑุงุจุท ngrok: https://multisegmented-spiriferous-alesia.ngrok-free.dev
[2025-11-12 09:28:44] ๐น ุฅุนุงุฏุฉ ุชุดุบูู ุฌููุน ุฎุฏูุงุช PM2 ๐น
[2025-11-12 09:29:45] โ ูู ุดูุก ุงูุขู ูุนูู
[2025-11-12 09:29:56] ๐น ุฅููุงู ุฃู ุนูููุงุช ูุฏููุฉ ๐น
[2025-11-12 09:29:58] ๐น ุชุดุบูู ุงูุณูุฑูุฑ ูngrok ๐น
[2025-11-12 09:30:46] ุฑุงุจุท ngrok: https://multisegmented-spiriferous-alesia.ngrok-free.dev
[2025-11-12 09:30:46] ๐น ุฅุนุงุฏุฉ ุชุดุบูู ุฌููุน ุฎุฏูุงุช PM2 ๐น
[2025-11-12 09:31:47] โ ูู ุดูุก ุงูุขู ูุนูู
[2025-11-12 09:31:57] ๐น ุฅููุงู ุฃู ุนูููุงุช ูุฏููุฉ ๐น
[2025-11-12 09:31:58] ๐น ุชุดุบูู ุงูุณูุฑูุฑ ูngrok ๐น
[2025-11-12 09:33:17] ุฑุงุจุท ngrok: https://multisegmented-spiriferous-alesia.ngrok-free.dev
[2025-11-12 09:33:18] ๐น ุฅุนุงุฏุฉ ุชุดุบูู ุฌููุน ุฎุฏูุงุช PM2 ๐น
[2025-11-12 09:33:43] ngrok: https://multisegmented-spiriferous-alesia.ngrok-free.dev
[2025-11-12 09:33:51] โ ูู ุดูุก ุงูุขู ูุนูู
[2025-11-12 09:34:02] ๐น ุฅููุงู ุฃู ุนูููุงุช ูุฏููุฉ ๐น
[2025-11-12 09:34:03] ๐น ุชุดุบูู ุงูุณูุฑูุฑ ูngrok ๐น
[2025-11-12 09:34:38] ุฑุงุจุท ngrok: https://multisegmented-spiriferous-alesia.ngrok-free.dev
[2025-11-12 09:34:39] ๐น ุฅุนุงุฏุฉ ุชุดุบูู ุฌููุน ุฎุฏูุงุช PM2 ๐น
[2025-11-12 09:34:40] ngrok: https://multisegmented-spiriferous-alesia.ngrok-free.dev
[2025-11-12 09:35:23] โ ูู ุดูุก ุงูุขู ูุนูู
[2025-11-12 09:35:33] ๐น ุฅููุงู ุฃู ุนูููุงุช ูุฏููุฉ ๐น
[2025-11-12 09:35:34] ๐น ุชุดุบูู ุงูุณูุฑูุฑ ูngrok ๐น
[2025-11-12 09:35:49] ngrok: https://multisegmented-spiriferous-alesia.ngrok-free.dev
[2025-11-12 09:36:28] ุฑุงุจุท ngrok: https://multisegmented-spiriferous-alesia.ngrok-free.dev
[2025-11-12 09:36:28] ๐น ุฅุนุงุฏุฉ ุชุดุบูู ุฌููุน ุฎุฏูุงุช PM2 ๐น
[2025-11-12 09:37:11] โ ูู ุดูุก ุงูุขู ูุนูู
[2025-11-12 09:37:23] ๐น ุฅููุงู ุฃู ุนูููุงุช ูุฏููุฉ ๐น
[2025-11-12 09:37:25] ๐น ุชุดุบูู ุงูุณูุฑูุฑ ูngrok ๐น
[2025-11-12 09:38:09] ุฑุงุจุท ngrok: https://multisegmented-spiriferous-alesia.ngrok-free.dev
[2025-11-12 09:38:09] ๐น ุฅุนุงุฏุฉ ุชุดุบูู ุฌููุน ุฎุฏูุงุช PM2 ๐น
[2025-11-12 09:39:12] ngrok: https://multisegmented-spiriferous-alesia.ngrok-free.dev
[2025-11-12 09:39:16] โ ูู ุดูุก ุงูุขู ูุนูู
[2025-11-12 09:39:26] ๐น ุฅููุงู ุฃู ุนูููุงุช ูุฏููุฉ ๐น
[2025-11-12 09:39:28] ๐น ุชุดุบูู ุงูุณูุฑูุฑ ูngrok ๐น
[2025-11-12 09:40:09] ๐น ุฅุนุงุฏุฉ ุชุดุบูู ุฌููุน ุฎุฏูุงุช PM2 ๐น
[2025-11-12 09:40:13] ngrok: https://multisegmented-spiriferous-alesia.ngrok-free.dev
[2025-11-12 09:40:42] โ ูู ุดูุก ุงูุขู ูุนูู
[2025-11-12 09:40:53] ๐น ุฅููุงู ุฃู ุนูููุงุช ูุฏููุฉ ๐น
[2025-11-12 09:40:53] ๐น ุชุดุบูู ุงูุณูุฑูุฑ ูngrok ๐น
[2025-11-12 09:41:17] ngrok: https://multisegmented-spiriferous-alesia.ngrok-free.dev
[2025-11-12 09:42:01] ๐น ุฅุนุงุฏุฉ ุชุดุบูู ุฌููุน ุฎุฏูุงุช PM2 ๐น
[2025-11-12 09:42:30] โ ูู ุดูุก ุงูุขู ูุนูู
[2025-11-12 09:42:40] ๐น ุฅููุงู ุฃู ุนูููุงุช ูุฏููุฉ ๐น
[2025-11-12 09:42:41] ๐น ุชุดุบูู ุงูุณูุฑูุฑ ูngrok ๐น
[2025-11-12 09:43:26] ุฑุงุจุท ngrok: https://multisegmented-spiriferous-alesia.ngrok-free.dev
[2025-11-12 09:43:26] ๐น ุฅุนุงุฏุฉ ุชุดุบูู ุฌููุน ุฎุฏูุงุช PM2 ๐น
[2025-11-12 09:43:56] โ ูู ุดูุก ุงูุขู ูุนูู
[2025-11-12 09:44:06] ๐น ุฅููุงู ุฃู ุนูููุงุช ูุฏููุฉ ๐น
[2025-11-12 09:44:07] ๐น ุชุดุบูู ุงูุณูุฑูุฑ ูngrok ๐น
[2025-11-12 09:44:51] ุฑุงุจุท ngrok: https://multisegmented-spiriferous-alesia.ngrok-free.dev
[2025-11-12 09:44:52] ๐น ุฅุนุงุฏุฉ ุชุดุบูู ุฌููุน ุฎุฏูุงุช PM2 ๐น
[2025-11-12 09:45:13] โ ูู ุดูุก ุงูุขู ูุนูู
[2025-11-12 09:45:24] ๐น ุฅููุงู ุฃู ุนูููุงุช ูุฏููุฉ ๐น
[2025-11-12 09:45:24] ๐น ุชุดุบูู ุงูุณูุฑูุฑ ูngrok ๐น
[2025-11-12 09:46:10] ุฑุงุจุท ngrok: https://multisegmented-spiriferous-alesia.ngrok-free.dev
[2025-11-12 09:46:10] ๐น ุฅุนุงุฏุฉ ุชุดุบูู ุฌููุน ุฎุฏูุงุช PM2 ๐น
[2025-11-12 09:46:30] โ ูู ุดูุก ุงูุขู ูุนูู
[2025-11-12 09:46:40] ๐น ุฅููุงู ุฃู ุนูููุงุช ูุฏููุฉ ๐น
[2025-11-12 09:46:40] ๐น ุชุดุบูู ุงูุณูุฑูุฑ ูngrok ๐น
[2025-11-12 09:47:16] ุฑุงุจุท ngrok: https://multisegmented-spiriferous-alesia.ngrok-free.dev
[2025-11-12 09:47:17] ๐น ุฅุนุงุฏุฉ ุชุดุบูู ุฌููุน ุฎุฏูุงุช PM2 ๐น
[2025-11-12 09:47:46] โ ูู ุดูุก ุงูุขู ูุนูู
[2025-11-12 09:47:57] ๐น ุฅููุงู ุฃู ุนูููุงุช ูุฏููุฉ ๐น
[2025-11-12 09:47:58] ๐น ุชุดุบูู ุงูุณูุฑูุฑ ูngrok ๐น
[2025-11-12 09:48:38] ุฑุงุจุท ngrok: https://multisegmented-spiriferous-alesia.ngrok-free.dev
[2025-11-12 09:48:38] ๐น ุฅุนุงุฏุฉ ุชุดุบูู ุฌููุน ุฎุฏูุงุช PM2 ๐น
[2025-11-12 09:49:09] โ ูู ุดูุก ุงูุขู ูุนูู
[2025-11-12 09:49:19] ๐น ุฅููุงู ุฃู ุนูููุงุช ูุฏููุฉ ๐น
[2025-11-12 09:49:19] ๐น ุชุดุบูู ุงูุณูุฑูุฑ ูngrok ๐น
[2025-11-12 09:49:59] ุฑุงุจุท ngrok: https://multisegmented-spiriferous-alesia.ngrok-free.dev
[2025-11-12 09:49:59] ๐น ุฅุนุงุฏุฉ ุชุดุบูู ุฌููุน ุฎุฏูุงุช PM2 ๐น
[2025-11-12 09:50:31] โ ูู ุดูุก ุงูุขู ูุนูู
[2025-11-12 09:50:41] ๐น ุฅููุงู ุฃู ุนูููุงุช ูุฏููุฉ ๐น
[2025-11-12 09:50:41] ๐น ุชุดุบูู ุงูุณูุฑูุฑ ูngrok ๐น
[2025-11-12 09:51:20] ุฑุงุจุท ngrok: https://multisegmented-spiriferous-alesia.ngrok-free.dev
[2025-11-12 09:51:20] ๐น ุฅุนุงุฏุฉ ุชุดุบูู ุฌููุน ุฎุฏูุงุช PM2 ๐น
[2025-11-12 09:51:42] โ ูู ุดูุก ุงูุขู ูุนูู
[2025-11-12 09:51:52] ๐น ุฅููุงู ุฃู ุนูููุงุช ูุฏููุฉ ๐น
[2025-11-12 09:51:53] ๐น ุชุดุบูู ุงูุณูุฑูุฑ ูngrok ๐น
[2025-11-12 09:52:38] ุฑุงุจุท ngrok: https://multisegmented-spiriferous-alesia.ngrok-free.dev
[2025-11-12 09:52:39] ๐น ุฅุนุงุฏุฉ ุชุดุบูู ุฌููุน ุฎุฏูุงุช PM2 ๐น
[2025-11-12 09:53:03] โ ูู ุดูุก ุงูุขู ูุนูู
[2025-11-12 09:53:13] ๐น ุฅููุงู ุฃู ุนูููุงุช ูุฏููุฉ ๐น
[2025-11-12 09:53:14] ๐น ุชุดุบูู ุงูุณูุฑูุฑ ูngrok ๐น
[2025-11-12 09:54:01] ๐น ุฅุนุงุฏุฉ ุชุดุบูู ุฌููุน ุฎุฏูุงุช PM2 ๐น
[2025-11-12 09:54:32] โ ูู ุดูุก ุงูุขู ูุนูู
[2025-11-12 09:54:42] ๐น ุฅููุงู ุฃู ุนูููุงุช ูุฏููุฉ ๐น
[2025-11-12 09:54:43] ๐น ุชุดุบูู ุงูุณูุฑูุฑ ูngrok ๐น
[2025-11-12 09:55:40] ๐น ุฅุนุงุฏุฉ ุชุดุบูู ุฌููุน ุฎุฏูุงุช PM2 ๐น
[2025-11-12 09:56:41] โ ูู ุดูุก ุงูุขู ูุนูู
[2025-11-12 09:56:52] ๐น ุฅููุงู ุฃู ุนูููุงุช ูุฏููุฉ ๐น
[2025-11-12 09:56:53] ๐น ุชุดุบูู ุงูุณูุฑูุฑ ูngrok ๐น
[2025-11-12 09:57:39] ุฑุงุจุท ngrok: https://multisegmented-spiriferous-alesia.ngrok-free.dev
[2025-11-12 09:57:39] ๐น ุฅุนุงุฏุฉ ุชุดุบูู ุฌููุน ุฎุฏูุงุช PM2 ๐น
[2025-11-12 09:58:10] โ ูู ุดูุก ุงูุขู ูุนูู
[2025-11-12 09:58:20] ๐น ุฅููุงู ุฃู ุนูููุงุช ูุฏููุฉ ๐น
[2025-11-12 09:58:20] ๐น ุชุดุบูู ุงูุณูุฑูุฑ ูngrok ๐น
[2025-11-12 09:58:56] ุฑุงุจุท ngrok: https://multisegmented-spiriferous-alesia.ngrok-free.dev
[2025-11-12 09:58:57] ๐น ุฅุนุงุฏุฉ ุชุดุบูู ุฌููุน ุฎุฏูุงุช PM2 ๐น
[2025-11-12 09:59:30] โ ูู ุดูุก ุงูุขู ูุนูู
[2025-11-12 09:59:41] ๐น ุฅููุงู ุฃู ุนูููุงุช ูุฏููุฉ ๐น
[2025-11-12 09:59:41] ๐น ุชุดุบูู ุงูุณูุฑูุฑ ูngrok ๐น
[2025-11-12 10:00:43] ุฑุงุจุท ngrok: https://multisegmented-spiriferous-alesia.ngrok-free.dev
[2025-11-12 10:00:43] ๐น ุฅุนุงุฏุฉ ุชุดุบูู ุฌููุน ุฎุฏูุงุช PM2 ๐น
[2025-11-12 10:01:26] โ ูู ุดูุก ุงูุขู ูุนูู
[2025-11-12 10:01:37] ๐น ุฅููุงู ุฃู ุนูููุงุช ูุฏููุฉ ๐น
[2025-11-12 10:01:38] ๐น ุชุดุบูู ุงูุณูุฑูุฑ ูngrok ๐น
[2025-11-12 10:02:37] ุฑุงุจุท ngrok: https://multisegmented-spiriferous-alesia.ngrok-free.dev
[2025-11-12 10:02:37] ๐น ุฅุนุงุฏุฉ ุชุดุบูู ุฌููุน ุฎุฏูุงุช PM2 ๐น
[2025-11-12 10:03:13] โ ูู ุดูุก ุงูุขู ูุนูู
[2025-11-12 10:03:23] ๐น ุฅููุงู ุฃู ุนูููุงุช ูุฏููุฉ ๐น
[2025-11-12 10:03:24] ๐น ุชุดุบูู ุงูุณูุฑูุฑ ูngrok ๐น
[2025-11-12 10:03:50] ุฑุงุจุท ngrok: https://multisegmented-spiriferous-alesia.ngrok-free.dev
[2025-11-12 10:03:50] ๐น ุฅุนุงุฏุฉ ุชุดุบูู ุฌููุน ุฎุฏูุงุช PM2 ๐น
[2025-11-12 10:04:04] โ ูู ุดูุก ุงูุขู ูุนูู
[2025-11-12 10:04:14] ๐น ุฅููุงู ุฃู ุนูููุงุช ูุฏููุฉ ๐น
[2025-11-12 10:04:15] ๐น ุชุดุบูู ุงูุณูุฑูุฑ ูngrok ๐น
[2025-11-12 10:04:41] ุฑุงุจุท ngrok: https://multisegmented-spiriferous-alesia.ngrok-free.dev
[2025-11-12 10:04:41] ๐น ุฅุนุงุฏุฉ ุชุดุบูู ุฌููุน ุฎุฏูุงุช PM2 ๐น
[2025-11-12 10:05:01] โ ูู ุดูุก ุงูุขู ูุนูู
[2025-11-12 10:05:11] ๐น ุฅููุงู ุฃู ุนูููุงุช ูุฏููุฉ ๐น
[2025-11-12 10:05:12] ๐น ุชุดุบูู ุงูุณูุฑูุฑ ูngrok ๐น
[2025-11-12 10:05:35] ุฑุงุจุท ngrok: https://multisegmented-spiriferous-alesia.ngrok-free.dev
[2025-11-12 10:05:35] ๐น ุฅุนุงุฏุฉ ุชุดุบูู ุฌููุน ุฎุฏูุงุช PM2 ๐น
[2025-11-12 10:05:49] โ ูู ุดูุก ุงูุขู ูุนูู
[2025-11-12 10:05:59] ๐น ุฅููุงู ุฃู ุนูููุงุช ูุฏููุฉ ๐น
[2025-11-12 10:05:59] ๐น ุชุดุบูู ุงูุณูุฑูุฑ ูngrok ๐น
[2025-11-12 10:06:34] ุฑุงุจุท ngrok: https://multisegmented-spiriferous-alesia.ngrok-free.dev
[2025-11-12 10:06:34] ๐น ุฅุนุงุฏุฉ ุชุดุบูู ุฌููุน ุฎุฏูุงุช PM2 ๐น
[2025-11-12 10:06:47] โ ูู ุดูุก ุงูุขู ูุนูู
[2025-11-12 10:06:57] ๐น ุฅููุงู ุฃู ุนูููุงุช ูุฏููุฉ ๐น
[2025-11-12 10:06:57] ๐น ุชุดุบูู ุงูุณูุฑูุฑ ูngrok ๐น
[2025-11-12 10:07:21] ุฑุงุจุท ngrok: https://multisegmented-spiriferous-alesia.ngrok-free.dev
[2025-11-12 10:07:21] ๐น ุฅุนุงุฏุฉ ุชุดุบูู ุฌููุน ุฎุฏูุงุช PM2 ๐น
[2025-11-12 10:07:35] โ ูู ุดูุก ุงูุขู ูุนูู
[2025-11-12 10:07:45] ๐น ุฅููุงู ุฃู ุนูููุงุช ูุฏููุฉ ๐น
[2025-11-12 10:07:46] ๐น ุชุดุบูู ุงูุณูุฑูุฑ ูngrok ๐น
[2025-11-12 10:08:12] ุฑุงุจุท ngrok: https://multisegmented-spiriferous-alesia.ngrok-free.dev
[2025-11-12 10:08:12] ๐น ุฅุนุงุฏุฉ ุชุดุบูู ุฌููุน ุฎุฏูุงุช PM2 ๐น
[2025-11-12 10:08:31] โ ูู ุดูุก ุงูุขู ูุนูู
[2025-11-12 10:08:41] ๐น ุฅููุงู ุฃู ุนูููุงุช ูุฏููุฉ ๐น
[2025-11-12 10:08:42] ๐น ุชุดุบูู ุงูุณูุฑูุฑ ูngrok ๐น
[2025-11-12 10:09:07] ุฑุงุจุท ngrok: https://multisegmented-spiriferous-alesia.ngrok-free.dev
[2025-11-12 10:09:07] ๐น ุฅุนุงุฏุฉ ุชุดุบูู ุฌููุน ุฎุฏูุงุช PM2 ๐น
[2025-11-12 10:09:26] โ ูู ุดูุก ุงูุขู ูุนูู
[2025-11-12 10:09:37] ๐น ุฅููุงู ุฃู ุนูููุงุช ูุฏููุฉ ๐น
[2025-11-12 10:09:37] ๐น ุชุดุบูู ุงูุณูุฑูุฑ ูngrok ๐น
[2025-11-12 10:10:00] ุฑุงุจุท ngrok: https://multisegmented-spiriferous-alesia.ngrok-free.dev
[2025-11-12 10:10:00] ๐น ุฅุนุงุฏุฉ ุชุดุบูู ุฌููุน ุฎุฏูุงุช PM2 ๐น
[2025-11-12 10:10:14] โ ูู ุดูุก ุงูุขู ูุนูู
[2025-11-12 10:10:24] ๐น ุฅููุงู ุฃู ุนูููุงุช ูุฏููุฉ ๐น
[2025-11-12 10:10:25] ๐น ุชุดุบูู ุงูุณูุฑูุฑ ูngrok ๐น
[2025-11-12 10:10:49] ุฑุงุจุท ngrok: https://multisegmented-spiriferous-alesia.ngrok-free.dev
[2025-11-12 10:10:49] ๐น ุฅุนุงุฏุฉ ุชุดุบูู ุฌููุน ุฎุฏูุงุช PM2 ๐น
[2025-11-12 10:10:58] โ ูู ุดูุก ุงูุขู ูุนูู
[2025-11-12 10:11:08] ๐น ุฅููุงู ุฃู ุนูููุงุช ูุฏููุฉ ๐น
[2025-11-12 10:11:08] ๐น ุชุดุบูู ุงูุณูุฑูุฑ ูngrok ๐น
[2025-11-12 10:11:54] ๐น ุฅุนุงุฏุฉ ุชุดุบูู ุฌููุน ุฎุฏูุงุช PM2 ๐น
[2025-11-12 10:12:22] โ ูู ุดูุก ุงูุขู ูุนูู
[2025-11-12 10:12:32] ๐น ุฅููุงู ุฃู ุนูููุงุช ูุฏููุฉ ๐น
[2025-11-12 10:12:33] ๐น ุชุดุบูู ุงูุณูุฑูุฑ ูngrok ๐น
[2025-11-12 10:13:03] ุฑุงุจุท ngrok: https://multisegmented-spiriferous-alesia.ngrok-free.dev
[2025-11-12 10:13:04] ๐น ุฅุนุงุฏุฉ ุชุดุบูู ุฌููุน ุฎุฏูุงุช PM2 ๐น
[2025-11-12 10:13:19] โ ูู ุดูุก ุงูุขู ูุนูู
[2025-11-12 10:13:30] ๐น ุฅููุงู ุฃู ุนูููุงุช ูุฏููุฉ ๐น
[2025-11-12 10:13:30] ๐น ุชุดุบูู ุงูุณูุฑูุฑ ูngrok ๐น
[2025-11-12 10:13:52] ุฑุงุจุท ngrok: https://multisegmented-spiriferous-alesia.ngrok-free.dev
[2025-11-12 10:13:52] ๐น ุฅุนุงุฏุฉ ุชุดุบูู ุฌููุน ุฎุฏูุงุช PM2 ๐น
[2025-11-12 10:14:17] โ ูู ุดูุก ุงูุขู ูุนูู
[2025-11-12 10:14:27] ๐น ุฅููุงู ุฃู ุนูููุงุช ูุฏููุฉ ๐น
[2025-11-12 10:14:28] ๐น ุชุดุบูู ุงูุณูุฑูุฑ ูngrok ๐น
[2025-11-12 10:14:58] ุฑุงุจุท ngrok: https://multisegmented-spiriferous-alesia.ngrok-free.dev
[2025-11-12 10:14:58] ๐น ุฅุนุงุฏุฉ ุชุดุบูู ุฌููุน ุฎุฏูุงุช PM2 ๐น
[2025-11-12 10:15:12] โ ูู ุดูุก ุงูุขู ูุนูู
[2025-11-12 10:15:23] ๐น ุฅููุงู ุฃู ุนูููุงุช ูุฏููุฉ ๐น
[2025-11-12 10:15:23] ๐น ุชุดุบูู ุงูุณูุฑูุฑ ูngrok ๐น
[2025-11-12 10:15:54] ุฑุงุจุท ngrok: https://multisegmented-spiriferous-alesia.ngrok-free.dev
[2025-11-12 10:15:54] ๐น ุฅุนุงุฏุฉ ุชุดุบูู ุฌููุน ุฎุฏูุงุช PM2 ๐น
[2025-11-12 10:16:08] โ ูู ุดูุก ุงูุขู ูุนูู
[2025-11-12 10:16:19] ๐น ุฅููุงู ุฃู ุนูููุงุช ูุฏููุฉ ๐น
[2025-11-12 10:16:19] ๐น ุชุดุบูู ุงูุณูุฑูุฑ ูngrok ๐น
[2025-11-12 10:16:48] ุฑุงุจุท ngrok: https://multisegmented-spiriferous-alesia.ngrok-free.dev
[2025-11-12 10:16:48] ๐น ุฅุนุงุฏุฉ ุชุดุบูู ุฌููุน ุฎุฏูุงุช PM2 ๐น
[2025-11-12 10:17:02] โ ูู ุดูุก ุงูุขู ูุนูู
[2025-11-12 10:17:12] ๐น ุฅููุงู ุฃู ุนูููุงุช ูุฏููุฉ ๐น
[2025-11-12 10:17:12] ๐น ุชุดุบูู ุงูุณูุฑูุฑ ูngrok ๐น
[2025-11-12 10:17:42] ุฑุงุจุท ngrok: https://multisegmented-spiriferous-alesia.ngrok-free.dev
[2025-11-12 10:17:42] ๐น ุฅุนุงุฏุฉ ุชุดุบูู ุฌููุน ุฎุฏูุงุช PM2 ๐น
[2025-11-12 10:18:03] โ ูู ุดูุก ุงูุขู ูุนูู
[2025-11-12 10:18:14] ๐น ุฅููุงู ุฃู ุนูููุงุช ูุฏููุฉ ๐น
[2025-11-12 10:18:14] ๐น ุชุดุบูู ุงูุณูุฑูุฑ ูngrok ๐น
[2025-11-12 10:18:47] ุฑุงุจุท ngrok: https://multisegmented-spiriferous-alesia.ngrok-free.dev
[2025-11-12 10:18:48] ๐น ุฅุนุงุฏุฉ ุชุดุบูู ุฌููุน ุฎุฏูุงุช PM2 ๐น
[2025-11-12 10:19:16] โ ูู ุดูุก ุงูุขู ูุนูู
[2025-11-12 10:19:26] ๐น ุฅููุงู ุฃู ุนูููุงุช ูุฏููุฉ ๐น
[2025-11-12 10:19:27] ๐น ุชุดุบูู ุงูุณูุฑูุฑ ูngrok ๐น
[2025-11-12 10:20:04] ุฑุงุจุท ngrok: https://multisegmented-spiriferous-alesia.ngrok-free.dev
[2025-11-12 10:20:04] ๐น ุฅุนุงุฏุฉ ุชุดุบูู ุฌููุน ุฎุฏูุงุช PM2 ๐น
[2025-11-12 10:20:21] โ ูู ุดูุก ุงูุขู ูุนูู
[2025-11-12 10:20:31] ๐น ุฅููุงู ุฃู ุนูููุงุช ูุฏููุฉ ๐น
[2025-11-12 10:20:32] ๐น ุชุดุบูู ุงูุณูุฑูุฑ ูngrok ๐น
[2025-11-12 10:21:05] ุฑุงุจุท ngrok: https://multisegmented-spiriferous-alesia.ngrok-free.dev
[2025-11-12 10:21:05] ๐น ุฅุนุงุฏุฉ ุชุดุบูู ุฌููุน ุฎุฏูุงุช PM2 ๐น
[2025-11-12 10:21:28] โ ูู ุดูุก ุงูุขู ูุนูู
[2025-11-12 10:21:39] ๐น ุฅููุงู ุฃู ุนูููุงุช ูุฏููุฉ ๐น
[2025-11-12 10:21:39] ๐น ุชุดุบูู ุงูุณูุฑูุฑ ูngrok ๐น
[2025-11-12 10:22:08] ุฑุงุจุท ngrok: https://multisegmented-spiriferous-alesia.ngrok-free.dev
[2025-11-12 10:22:08] ๐น ุฅุนุงุฏุฉ ุชุดุบูู ุฌููุน ุฎุฏูุงุช PM2 ๐น
[2025-11-12 10:22:29] โ ูู ุดูุก ุงูุขู ูุนูู
[2025-11-12 10:22:40] ๐น ุฅููุงู ุฃู ุนูููุงุช ูุฏููุฉ ๐น
[2025-11-12 10:22:40] ๐น ุชุดุบูู ุงูุณูุฑูุฑ ูngrok ๐น
[2025-11-12 10:23:08] ุฑุงุจุท ngrok: https://multisegmented-spiriferous-alesia.ngrok-free.dev
[2025-11-12 10:23:08] ๐น ุฅุนุงุฏุฉ ุชุดุบูู ุฌููุน ุฎุฏูุงุช PM2 ๐น
[2025-11-12 10:23:31] โ ูู ุดูุก ุงูุขู ูุนูู
[2025-11-12 10:23:41] ๐น ุฅููุงู ุฃู ุนูููุงุช ูุฏููุฉ ๐น
[2025-11-12 10:23:42] ๐น ุชุดุบูู ุงูุณูุฑูุฑ ูngrok ๐น
[2025-11-12 10:24:15] ุฑุงุจุท ngrok: https://multisegmented-spiriferous-alesia.ngrok-free.dev
[2025-11-12 10:24:15] ๐น ุฅุนุงุฏุฉ ุชุดุบูู ุฌููุน ุฎุฏูุงุช PM2 ๐น
[2025-11-12 10:24:39] โ ูู ุดูุก ุงูุขู ูุนูู
[2025-11-12 10:24:49] ๐น ุฅููุงู ุฃู ุนูููุงุช ูุฏููุฉ ๐น
[2025-11-12 10:24:50] ๐น ุชุดุบูู ุงูุณูุฑูุฑ ูngrok ๐น
[2025-11-12 10:25:22] ุฑุงุจุท ngrok: https://multisegmented-spiriferous-alesia.ngrok-free.dev
[2025-11-12 10:25:22] ๐น ุฅุนุงุฏุฉ ุชุดุบูู ุฌููุน ุฎุฏูุงุช PM2 ๐น
[2025-11-12 10:25:44] โ ูู ุดูุก ุงูุขู ูุนูู
[2025-11-12 10:25:55] ๐น ุฅููุงู ุฃู ุนูููุงุช ูุฏููุฉ ๐น
[2025-11-12 10:25:55] ๐น ุชุดุบูู ุงูุณูุฑูุฑ ูngrok ๐น
[2025-11-12 10:26:31] ุฑุงุจุท ngrok: https://multisegmented-spiriferous-alesia.ngrok-free.dev
[2025-11-12 10:26:31] ๐น ุฅุนุงุฏุฉ ุชุดุบูู ุฌููุน ุฎุฏูุงุช PM2 ๐น
[2025-11-12 10:26:46] โ ูู ุดูุก ุงูุขู ูุนูู
[2025-11-12 10:26:56] ๐น ุฅููุงู ุฃู ุนูููุงุช ูุฏููุฉ ๐น
[2025-11-12 10:26:57] ๐น ุชุดุบูู ุงูุณูุฑูุฑ ูngrok ๐น
[2025-11-12 10:27:27] ุฑุงุจุท ngrok: https://multisegmented-spiriferous-alesia.ngrok-free.dev
[2025-11-12 10:27:27] ๐น ุฅุนุงุฏุฉ ุชุดุบูู ุฌููุน ุฎุฏูุงุช PM2 ๐น
[2025-11-12 10:27:47] โ ูู ุดูุก ุงูุขู ูุนูู
[2025-11-12 10:27:58] ๐น ุฅููุงู ุฃู ุนูููุงุช ูุฏููุฉ ๐น
[2025-11-12 10:27:58] ๐น ุชุดุบูู ุงูุณูุฑูุฑ ูngrok ๐น
[2025-11-12 10:28:28] ุฑุงุจุท ngrok: https://multisegmented-spiriferous-alesia.ngrok-free.dev
[2025-11-12 10:28:28] ๐น ุฅุนุงุฏุฉ ุชุดุบูู ุฌููุน ุฎุฏูุงุช PM2 ๐น
[2025-11-12 10:28:43] โ ูู ุดูุก ุงูุขู ูุนูู
[2025-11-12 10:28:54] ๐น ุฅููุงู ุฃู ุนูููุงุช ูุฏููุฉ ๐น
[2025-11-12 10:28:54] ๐น ุชุดุบูู ุงูุณูุฑูุฑ ูngrok ๐น
[2025-11-12 10:29:28] ุฑุงุจุท ngrok: https://multisegmented-spiriferous-alesia.ngrok-free.dev
[2025-11-12 10:29:28] ๐น ุฅุนุงุฏุฉ ุชุดุบูู ุฌููุน ุฎุฏูุงุช PM2 ๐น
[2025-11-12 10:29:43] โ ูู ุดูุก ุงูุขู ูุนูู
[2025-11-12 10:29:53] ๐น ุฅููุงู ุฃู ุนูููุงุช ูุฏููุฉ ๐น
[2025-11-12 10:29:53] ๐น ุชุดุบูู ุงูุณูุฑูุฑ ูngrok ๐น
[2025-11-12 10:30:23] ุฑุงุจุท ngrok: https://multisegmented-spiriferous-alesia.ngrok-free.dev
[2025-11-12 10:30:23] ๐น ุฅุนุงุฏุฉ ุชุดุบูู ุฌููุน ุฎุฏูุงุช PM2 ๐น
[2025-11-12 10:30:42] โ ูู ุดูุก ุงูุขู ูุนูู
[2025-11-12 10:30:52] ๐น ุฅููุงู ุฃู ุนูููุงุช ูุฏููุฉ ๐น
[2025-11-12 10:30:53] ๐น ุชุดุบูู ุงูุณูุฑูุฑ ูngrok ๐น
[2025-11-12 10:31:22] ุฑุงุจุท ngrok: https://multisegmented-spiriferous-alesia.ngrok-free.dev
[2025-11-12 10:31:22] ๐น ุฅุนุงุฏุฉ ุชุดุบูู ุฌููุน ุฎุฏูุงุช PM2 ๐น
[2025-11-12 10:31:37] โ ูู ุดูุก ุงูุขู ูุนูู
[2025-11-12 10:31:47] ๐น ุฅููุงู ุฃู ุนูููุงุช ูุฏููุฉ ๐น
[2025-11-12 10:31:48] ๐น ุชุดุบูู ุงูุณูุฑูุฑ ูngrok ๐น
[2025-11-12 10:32:16] ุฑุงุจุท ngrok: https://multisegmented-spiriferous-alesia.ngrok-free.dev
[2025-11-12 10:32:16] ๐น ุฅุนุงุฏุฉ ุชุดุบูู ุฌููุน ุฎุฏูุงุช PM2 ๐น
[2025-11-12 10:32:42] โ ูู ุดูุก ุงูุขู ูุนูู
[2025-11-12 10:32:52] ๐น ุฅููุงู ุฃู ุนูููุงุช ูุฏููุฉ ๐น
[2025-11-12 10:32:53] ๐น ุชุดุบูู ุงูุณูุฑูุฑ ูngrok ๐น
[2025-11-12 10:33:24] ุฑุงุจุท ngrok: https://multisegmented-spiriferous-alesia.ngrok-free.dev
[2025-11-12 10:33:24] ๐น ุฅุนุงุฏุฉ ุชุดุบูู ุฌููุน ุฎุฏูุงุช PM2 ๐น
[2025-11-12 10:33:56] โ ูู ุดูุก ุงูุขู ูุนูู
[2025-11-12 10:34:06] ๐น ุฅููุงู ุฃู ุนูููุงุช ูุฏููุฉ ๐น
[2025-11-12 10:34:08] ๐น ุชุดุบูู ุงูุณูุฑูุฑ ูngrok ๐น
[2025-11-12 10:34:46] ุฑุงุจุท ngrok: https://multisegmented-spiriferous-alesia.ngrok-free.dev
[2025-11-12 10:34:46] ๐น ุฅุนุงุฏุฉ ุชุดุบูู ุฌููุน ุฎุฏูุงุช PM2 ๐น
[2025-11-12 10:35:11] โ ูู ุดูุก ุงูุขู ูุนูู
[2025-11-12 10:35:22] ๐น ุฅููุงู ุฃู ุนูููุงุช ูุฏููุฉ ๐น
[2025-11-12 10:35:22] ๐น ุชุดุบูู ุงูุณูุฑูุฑ ูngrok ๐น
[2025-11-12 10:35:53] ุฑุงุจุท ngrok: https://multisegmented-spiriferous-alesia.ngrok-free.dev
[2025-11-12 10:35:54] ๐น ุฅุนุงุฏุฉ ุชุดุบูู ุฌููุน ุฎุฏูุงุช PM2 ๐น
[2025-11-12 10:36:35] โ ูู ุดูุก ุงูุขู ูุนูู
[2025-11-12 10:36:46] ๐น ุฅููุงู ุฃู ุนูููุงุช ูุฏููุฉ ๐น
[2025-11-12 10:36:46] ๐น ุชุดุบูู ุงูุณูุฑูุฑ ูngrok ๐น
[2025-11-12 10:37:17] ุฑุงุจุท ngrok: https://multisegmented-spiriferous-alesia.ngrok-free.dev
[2025-11-12 10:37:17] ๐น ุฅุนุงุฏุฉ ุชุดุบูู ุฌููุน ุฎุฏูุงุช PM2 ๐น
[2025-11-12 10:37:34] โ ูู ุดูุก ุงูุขู ูุนูู
[2025-11-12 10:37:45] ๐น ุฅููุงู ุฃู ุนูููุงุช ูุฏููุฉ ๐น
[2025-11-12 10:37:45] ๐น ุชุดุบูู ุงูุณูุฑูุฑ ูngrok ๐น
[2025-11-12 10:38:40] ุฑุงุจุท ngrok: https://multisegmented-spiriferous-alesia.ngrok-free.dev
[2025-11-12 10:38:40] ๐น ุฅุนุงุฏุฉ ุชุดุบูู ุฌููุน ุฎุฏูุงุช PM2 ๐น
[2025-11-12 10:39:08] โ ูู ุดูุก ุงูุขู ูุนูู
[2025-11-12 10:39:19] ๐น ุฅููุงู ุฃู ุนูููุงุช ูุฏููุฉ ๐น
[2025-11-12 10:39:20] ๐น ุชุดุบูู ุงูุณูุฑูุฑ ูngrok ๐น
[2025-11-12 10:40:09] ุฑุงุจุท ngrok: https://multisegmented-spiriferous-alesia.ngrok-free.dev
[2025-11-12 10:40:09] ๐น ุฅุนุงุฏุฉ ุชุดุบูู ุฌููุน ุฎุฏูุงุช PM2 ๐น
[2025-11-12 10:40:45] โ ูู ุดูุก ุงูุขู ูุนูู
[2025-11-12 10:40:56] ๐น ุฅููุงู ุฃู ุนูููุงุช ูุฏููุฉ ๐น
[2025-11-12 10:40:57] ๐น ุชุดุบูู ุงูุณูุฑูุฑ ูngrok ๐น
[2025-11-12 10:41:30] ุฑุงุจุท ngrok: https://multisegmented-spiriferous-alesia.ngrok-free.dev
[2025-11-12 10:41:30] ๐น ุฅุนุงุฏุฉ ุชุดุบูู ุฌููุน ุฎุฏูุงุช PM2 ๐น
[2025-11-12 10:41:38] โ ูู ุดูุก ุงูุขู ูุนูู
[2025-11-12 10:41:48] ๐น ุฅููุงู ุฃู ุนูููุงุช ูุฏููุฉ ๐น
[2025-11-12 10:41:48] ๐น ุชุดุบูู ุงูุณูุฑูุฑ ูngrok ๐น
[2025-11-12 10:42:03] ุฑุงุจุท ngrok: https://multisegmented-spiriferous-alesia.ngrok-free.dev
[2025-11-12 10:42:03] ๐น ุฅุนุงุฏุฉ ุชุดุบูู ุฌููุน ุฎุฏูุงุช PM2 ๐น
[2025-11-12 10:42:07] โ ูู ุดูุก ุงูุขู ูุนูู
[2025-11-12 10:42:17] ๐น ุฅููุงู ุฃู ุนูููุงุช ูุฏููุฉ ๐น
[2025-11-12 10:42:18] ๐น ุชุดุบูู ุงูุณูุฑูุฑ ูngrok ๐น
[2025-11-12 10:42:31] ๐น ุฅุนุงุฏุฉ ุชุดุบูู ุฌููุน ุฎุฏูุงุช PM2 ๐น
[2025-11-12 10:42:35] โ ูู ุดูุก ุงูุขู ูุนูู
[2025-11-12 10:42:46] ๐น ุฅููุงู ุฃู ุนูููุงุช ูุฏููุฉ ๐น
[2025-11-12 10:42:46] ๐น ุชุดุบูู ุงูุณูุฑูุฑ ูngrok ๐น
[2025-11-12 10:42:59] ุฑุงุจุท ngrok: https://multisegmented-spiriferous-alesia.ngrok-free.dev
[2025-11-12 10:42:59] ๐น ุฅุนุงุฏุฉ ุชุดุบูู ุฌููุน ุฎุฏูุงุช PM2 ๐น
[2025-11-12 10:43:09] โ ูู ุดูุก ุงูุขู ูุนูู
[2025-11-12 10:43:19] ๐น ุฅููุงู ุฃู ุนูููุงุช ูุฏููุฉ ๐น
[2025-11-12 10:43:19] ๐น ุชุดุบูู ุงูุณูุฑูุฑ ูngrok ๐น
[2025-11-12 10:43:32] ุฑุงุจุท ngrok: https://multisegmented-spiriferous-alesia.ngrok-free.dev
[2025-11-12 10:43:32] ๐น ุฅุนุงุฏุฉ ุชุดุบูู ุฌููุน ุฎุฏูุงุช PM2 ๐น
[2025-11-12 10:43:56] โ ูู ุดูุก ุงูุขู ูุนูู
[2025-11-12 10:44:09] ๐น ุฅููุงู ุฃู ุนูููุงุช ูุฏููุฉ ๐น
[2025-11-12 10:44:09] ๐น ุชุดุบูู ุงูุณูุฑูุฑ ูngrok ๐น
[2025-11-12 10:44:22] ุฑุงุจุท ngrok: https://multisegmented-spiriferous-alesia.ngrok-free.dev
[2025-11-12 10:44:22] ๐น ุฅุนุงุฏุฉ ุชุดุบูู ุฌููุน ุฎุฏูุงุช PM2 ๐น
[2025-11-12 10:44:28] โ ูู ุดูุก ุงูุขู ูุนูู
[2025-11-12 10:44:39] ๐น ุฅููุงู ุฃู ุนูููุงุช ูุฏููุฉ ๐น
[2025-11-12 10:44:39] ๐น ุชุดุบูู ุงูุณูุฑูุฑ ูngrok ๐น
[2025-11-12 10:44:51] ุฑุงุจุท ngrok: https://multisegmented-spiriferous-alesia.ngrok-free.dev
[2025-11-12 10:44:52] ๐น ุฅุนุงุฏุฉ ุชุดุบูู ุฌููุน ุฎุฏูุงุช PM2 ๐น
[2025-11-12 10:44:57] โ ูู ุดูุก ุงูุขู ูุนูู
[2025-11-12 10:45:07] ๐น ุฅููุงู ุฃู ุนูููุงุช ูุฏููุฉ ๐น
[2025-11-12 10:45:08] ๐น ุชุดุบูู ุงูุณูุฑูุฑ ูngrok ๐น
[2025-11-12 10:45:31] ุฑุงุจุท ngrok: https://multisegmented-spiriferous-alesia.ngrok-free.dev
[2025-11-12 10:45:31] ๐น ุฅุนุงุฏุฉ ุชุดุบูู ุฌููุน ุฎุฏูุงุช PM2 ๐น
[2025-11-12 10:45:43] โ ูู ุดูุก ุงูุขู ูุนูู
[2025-11-12 10:45:53] ๐น ุฅููุงู ุฃู ุนูููุงุช ูุฏููุฉ ๐น
[2025-11-12 10:45:54] ๐น ุชุดุบูู ุงูุณูุฑูุฑ ูngrok ๐น
[2025-11-12 10:46:26] ุฑุงุจุท ngrok: https://multisegmented-spiriferous-alesia.ngrok-free.dev
[2025-11-12 10:46:26] ๐น ุฅุนุงุฏุฉ ุชุดุบูู ุฌููุน ุฎุฏูุงุช PM2 ๐น
[2025-11-12 10:46:35] โ ูู ุดูุก ุงูุขู ูุนูู
[2025-11-12 10:46:45] ๐น ุฅููุงู ุฃู ุนูููุงุช ูุฏููุฉ ๐น
[2025-11-12 10:46:45] ๐น ุชุดุบูู ุงูุณูุฑูุฑ ูngrok ๐น
[2025-11-12 10:47:01] ุฑุงุจุท ngrok: https://multisegmented-spiriferous-alesia.ngrok-free.dev
[2025-11-12 10:47:01] ๐น ุฅุนุงุฏุฉ ุชุดุบูู ุฌููุน ุฎุฏูุงุช PM2 ๐น
[2025-11-12 10:47:14] โ ูู ุดูุก ุงูุขู ูุนูู
[2025-11-12 10:47:25] ๐น ุฅููุงู ุฃู ุนูููุงุช ูุฏููุฉ ๐น
[2025-11-12 10:47:25] ๐น ุชุดุบูู ุงูุณูุฑูุฑ ูngrok ๐น
[2025-11-12 10:47:42] ุฑุงุจุท ngrok: https://multisegmented-spiriferous-alesia.ngrok-free.dev
[2025-11-12 10:47:43] ๐น ุฅุนุงุฏุฉ ุชุดุบูู ุฌููุน ุฎุฏูุงุช PM2 ๐น
[2025-11-12 10:47:53] โ ูู ุดูุก ุงูุขู ูุนูู
[2025-11-12 10:48:03] ๐น ุฅููุงู ุฃู ุนูููุงุช ูุฏููุฉ ๐น
[2025-11-12 10:48:03] ๐น ุชุดุบูู ุงูุณูุฑูุฑ ูngrok ๐น
[2025-11-12 10:48:21] ุฑุงุจุท ngrok: https://multisegmented-spiriferous-alesia.ngrok-free.dev
[2025-11-12 10:48:21] ๐น ุฅุนุงุฏุฉ ุชุดุบูู ุฌููุน ุฎุฏูุงุช PM2 ๐น
[2025-11-13 07:50:53] ๐น ุฅููุงู ุฃู ุนูููุงุช ูุฏููุฉ ๐น
[2025-11-13 07:50:54] ๐น ุชุดุบูู ุงูุณูุฑูุฑ ูngrok ๐น
[2025-11-13 07:52:07] ๐น ุฅุนุงุฏุฉ ุชุดุบูู ุฌููุน ุฎุฏูุงุช PM2 ๐น
[2025-11-13 07:52:19] โ ูู ุดูุก ุงูุขู ูุนูู
[2025-11-13 07:52:29] ๐น ุฅููุงู ุฃู ุนูููุงุช ูุฏููุฉ ๐น
[2025-11-13 07:52:29] ๐น ุชุดุบูู ุงูุณูุฑูุฑ ูngrok ๐น
[2025-11-13 07:53:06] ๐น ุฅุนุงุฏุฉ ุชุดุบูู ุฌููุน ุฎุฏูุงุช PM2 ๐น
[2025-11-13 07:53:43] โ ูู ุดูุก ุงูุขู ูุนูู
[2025-11-13 07:53:55] ๐น ุฅููุงู ุฃู ุนูููุงุช ูุฏููุฉ ๐น
[2025-11-13 07:53:55] ๐น ุชุดุบูู ุงูุณูุฑูุฑ ูngrok ๐น
[2025-11-13 07:54:54] ุฑุงุจุท ngrok: https://multisegmented-spiriferous-alesia.ngrok-free.dev
[2025-11-13 07:54:54] ๐น ุฅุนุงุฏุฉ ุชุดุบูู ุฌููุน ุฎุฏูุงุช PM2 ๐น
[2025-11-13 07:55:17] โ ูู ุดูุก ุงูุขู ูุนูู
[2025-11-13 07:55:27] ๐น ุฅููุงู ุฃู ุนูููุงุช ูุฏููุฉ ๐น
[2025-11-13 07:55:27] ๐น ุชุดุบูู ุงูุณูุฑูุฑ ูngrok ๐น
[2025-11-13 07:56:09] ุฑุงุจุท ngrok: https://multisegmented-spiriferous-alesia.ngrok-free.dev
[2025-11-13 07:56:09] ๐น ุฅุนุงุฏุฉ ุชุดุบูู ุฌููุน ุฎุฏูุงุช PM2 ๐น
[2025-11-13 07:56:36] โ ูู ุดูุก ุงูุขู ูุนูู
[2025-11-13 07:56:47] ๐น ุฅููุงู ุฃู ุนูููุงุช ูุฏููุฉ ๐น
[2025-11-13 07:56:47] ๐น ุชุดุบูู ุงูุณูุฑูุฑ ูngrok ๐น
[2025-11-13 07:57:32] ๐น ุฅุนุงุฏุฉ ุชุดุบูู ุฌููุน ุฎุฏูุงุช PM2 ๐น
[2025-11-13 07:57:54] โ ูู ุดูุก ุงูุขู ูุนูู
[2025-11-13 07:58:04] ๐น ุฅููุงู ุฃู ุนูููุงุช ูุฏููุฉ ๐น
[2025-11-13 07:58:05] ๐น ุชุดุบูู ุงูุณูุฑูุฑ ูngrok ๐น
[2025-11-13 07:58:39] ุฑุงุจุท ngrok: https://multisegmented-spiriferous-alesia.ngrok-free.dev
[2025-11-13 07:58:39] ๐น ุฅุนุงุฏุฉ ุชุดุบูู ุฌููุน ุฎุฏูุงุช PM2 ๐น
[2025-11-13 07:58:55] โ ูู ุดูุก ุงูุขู ูุนูู
[2025-11-13 07:59:05] ๐น ุฅููุงู ุฃู ุนูููุงุช ูุฏููุฉ ๐น
[2025-11-13 07:59:05] ๐น ุชุดุบูู ุงูุณูุฑูุฑ ูngrok ๐น
[2025-11-13 07:59:43] ๐น ุฅุนุงุฏุฉ ุชุดุบูู ุฌููุน ุฎุฏูุงุช PM2 ๐น
[2025-11-13 08:00:07] โ ูู ุดูุก ุงูุขู ูุนูู
[2025-11-13 08:00:18] ๐น ุฅููุงู ุฃู ุนูููุงุช ูุฏููุฉ ๐น
[2025-11-13 08:00:18] ๐น ุชุดุบูู ุงูุณูุฑูุฑ ูngrok ๐น
[2025-11-13 08:00:47] ุฑุงุจุท ngrok: https://multisegmented-spiriferous-alesia.ngrok-free.dev
[2025-11-13 08:00:47] ๐น ุฅุนุงุฏุฉ ุชุดุบูู ุฌููุน ุฎุฏูุงุช PM2 ๐น
[2025-11-13 08:01:03] โ ูู ุดูุก ุงูุขู ูุนูู
[2025-11-13 08:01:13] ๐น ุฅููุงู ุฃู ุนูููุงุช ูุฏููุฉ ๐น
[2025-11-13 08:01:13] ๐น ุชุดุบูู ุงูุณูุฑูุฑ ูngrok ๐น
[2025-11-13 08:01:51] ุฑุงุจุท ngrok: https://multisegmented-spiriferous-alesia.ngrok-free.dev
[2025-11-13 08:01:52] ๐น ุฅุนุงุฏุฉ ุชุดุบูู ุฌููุน ุฎุฏูุงุช PM2 ๐น
[2025-11-13 08:02:19] โ ูู ุดูุก ุงูุขู ูุนูู
[2025-11-13 08:02:29] ๐น ุฅููุงู ุฃู ุนูููุงุช ูุฏููุฉ ๐น
[2025-11-13 08:02:30] ๐น ุชุดุบูู ุงูุณูุฑูุฑ ูngrok ๐น
[2025-11-13 08:03:24] ๐น ุฅุนุงุฏุฉ ุชุดุบูู ุฌููุน ุฎุฏูุงุช PM2 ๐น
[2025-11-13 08:03:42] โ ูู ุดูุก ุงูุขู ูุนูู
[2025-11-13 08:03:53] ๐น ุฅููุงู ุฃู ุนูููุงุช ูุฏููุฉ ๐น
[2025-11-13 08:03:53] ๐น ุชุดุบูู ุงูุณูุฑูุฑ ูngrok ๐น
[2025-11-13 08:04:30] ุฑุงุจุท ngrok: https://multisegmented-spiriferous-alesia.ngrok-free.dev
[2025-11-13 08:04:30] ๐น ุฅุนุงุฏุฉ ุชุดุบูู ุฌููุน ุฎุฏูุงุช PM2 ๐น
[2025-11-13 08:04:51] โ ูู ุดูุก ุงูุขู ูุนูู
[2025-11-13 08:05:02] ๐น ุฅููุงู ุฃู ุนูููุงุช ูุฏููุฉ ๐น
[2025-11-13 08:05:03] ๐น ุชุดุบูู ุงูุณูุฑูุฑ ูngrok ๐น
[2025-11-13 08:05:50] ุฑุงุจุท ngrok: https://multisegmented-spiriferous-alesia.ngrok-free.dev
[2025-11-13 08:05:50] ๐น ุฅุนุงุฏุฉ ุชุดุบูู ุฌููุน ุฎุฏูุงุช PM2 ๐น
[2025-11-13 08:06:17] โ ูู ุดูุก ุงูุขู ูุนูู
[2025-11-13 08:06:28] ๐น ุฅููุงู ุฃู ุนูููุงุช ูุฏููุฉ ๐น
[2025-11-13 08:06:29] ๐น ุชุดุบูู ุงูุณูุฑูุฑ ูngrok ๐น
[2025-11-13 08:07:06] ุฑุงุจุท ngrok: https://multisegmented-spiriferous-alesia.ngrok-free.dev
[2025-11-13 08:07:06] ๐น ุฅุนุงุฏุฉ ุชุดุบูู ุฌููุน ุฎุฏูุงุช PM2 ๐น
[2025-11-13 08:07:37] โ ูู ุดูุก ุงูุขู ูุนูู
[2025-11-13 08:07:48] ๐น ุฅููุงู ุฃู ุนูููุงุช ูุฏููุฉ ๐น
[2025-11-13 08:07:49] ๐น ุชุดุบูู ุงูุณูุฑูุฑ ูngrok ๐น
[2025-11-13 08:08:35] ุฑุงุจุท ngrok: https://multisegmented-spiriferous-alesia.ngrok-free.dev
[2025-11-13 08:08:36] ๐น ุฅุนุงุฏุฉ ุชุดุบูู ุฌููุน ุฎุฏูุงุช PM2 ๐น
[2025-11-13 08:08:58] โ ูู ุดูุก ุงูุขู ูุนูู
[2025-11-13 08:09:09] ๐น ุฅููุงู ุฃู ุนูููุงุช ูุฏููุฉ ๐น
[2025-11-13 08:09:09] ๐น ุชุดุบูู ุงูุณูุฑูุฑ ูngrok ๐น
[2025-11-13 08:09:47] ุฑุงุจุท ngrok: https://multisegmented-spiriferous-alesia.ngrok-free.dev
[2025-11-13 08:09:47] ๐น ุฅุนุงุฏุฉ ุชุดุบูู ุฌููุน ุฎุฏูุงุช PM2 ๐น
[2025-11-13 08:10:06] โ ูู ุดูุก ุงูุขู ูุนูู
[2025-11-13 08:10:16] ๐น ุฅููุงู ุฃู ุนูููุงุช ูุฏููุฉ ๐น
[2025-11-13 08:10:16] ๐น ุชุดุบูู ุงูุณูุฑูุฑ ูngrok ๐น
[2025-11-13 08:10:59] ุฑุงุจุท ngrok: https://multisegmented-spiriferous-alesia.ngrok-free.dev
[2025-11-13 08:10:59] ๐น ุฅุนุงุฏุฉ ุชุดุบูู ุฌููุน ุฎุฏูุงุช PM2 ๐น
[2025-11-13 08:11:23] โ ูู ุดูุก ุงูุขู ูุนูู
[2025-11-13 08:11:33] ๐น ุฅููุงู ุฃู ุนูููุงุช ูุฏููุฉ ๐น
[2025-11-13 08:11:34] ๐น ุชุดุบูู ุงูุณูุฑูุฑ ูngrok ๐น
[2025-11-13 08:12:15] ุฑุงุจุท ngrok: https://multisegmented-spiriferous-alesia.ngrok-free.dev
[2025-11-13 08:12:15] ๐น ุฅุนุงุฏุฉ ุชุดุบูู ุฌููุน ุฎุฏูุงุช PM2 ๐น
[2025-11-13 08:12:58] ๐น ุฅููุงู ุฃู ุนูููุงุช ูุฏููุฉ ๐น
[2025-11-13 08:12:59] ๐น ุชุดุบูู ุงูุณูุฑูุฑ ูngrok ๐น
[2025-11-13 08:13:50] ๐น ุฅุนุงุฏุฉ ุชุดุบูู ุฌููุน ุฎุฏูุงุช PM2 ๐น
[2025-11-13 08:13:57] โ ูู ุดูุก ุงูุขู ูุนูู
[2025-11-13 08:14:08] ๐น ุฅููุงู ุฃู ุนูููุงุช ูุฏููุฉ ๐น
[2025-11-13 08:14:08] ๐น ุชุดุบูู ุงูุณูุฑูุฑ ูngrok ๐น
[2025-11-13 08:14:24] ุฑุงุจุท ngrok: https://multisegmented-spiriferous-alesia.ngrok-free.dev
[2025-11-13 08:14:24] ๐น ุฅุนุงุฏุฉ ุชุดุบูู ุฌููุน ุฎุฏูุงุช PM2 ๐น
[2025-11-13 08:14:39] โ ูู ุดูุก ุงูุขู ูุนูู
[2025-11-13 08:14:49] ๐น ุฅููุงู ุฃู ุนูููุงุช ูุฏููุฉ ๐น
[2025-11-13 08:14:49] ๐น ุชุดุบูู ุงูุณูุฑูุฑ ูngrok ๐น
[2025-11-13 08:15:43] ๐น ุฅููุงู ุฃู ุนูููุงุช ูุฏููุฉ ๐น
[2025-11-13 08:15:44] ๐น ุชุดุบูู ุงูุณูุฑูุฑ ูngrok ๐น
[2025-11-13 08:16:29] ๐น ุฅุนุงุฏุฉ ุชุดุบูู ุฌููุน ุฎุฏูุงุช PM2 ๐น
[2025-11-13 08:16:37] โ ูู ุดูุก ุงูุขู ูุนูู
[2025-11-13 08:16:47] ๐น ุฅููุงู ุฃู ุนูููุงุช ูุฏููุฉ ๐น
[2025-11-13 08:16:47] ๐น ุชุดุบูู ุงูุณูุฑูุฑ ูngrok ๐น
[2025-11-13 08:17:10] ุฑุงุจุท ngrok: https://multisegmented-spiriferous-alesia.ngrok-free.dev
[2025-11-13 08:17:10] ๐น ุฅุนุงุฏุฉ ุชุดุบูู ุฌููุน ุฎุฏูุงุช PM2 ๐น
[2025-11-13 08:17:35] โ ูู ุดูุก ุงูุขู ูุนูู
[2025-11-13 08:17:46] ๐น ุฅููุงู ุฃู ุนูููุงุช ูุฏููุฉ ๐น
[2025-11-13 08:17:46] ๐น ุชุดุบูู ุงูุณูุฑูุฑ ูngrok ๐น
[2025-11-13 08:18:20] ุฑุงุจุท ngrok: https://multisegmented-spiriferous-alesia.ngrok-free.dev
[2025-11-13 08:18:20] ๐น ุฅุนุงุฏุฉ ุชุดุบูู ุฌููุน ุฎุฏูุงุช PM2 ๐น
[2025-11-13 08:18:35] โ ูู ุดูุก ุงูุขู ูุนูู
[2025-11-13 08:18:46] ๐น ุฅููุงู ุฃู ุนูููุงุช ูุฏููุฉ ๐น
[2025-11-13 08:18:46] ๐น ุชุดุบูู ุงูุณูุฑูุฑ ูngrok ๐น
[2025-11-13 08:19:24] ุฑุงุจุท ngrok: https://multisegmented-spiriferous-alesia.ngrok-free.dev
[2025-11-13 08:19:24] ๐น ุฅุนุงุฏุฉ ุชุดุบูู ุฌููุน ุฎุฏูุงุช PM2 ๐น
[2025-11-13 08:19:38] โ ูู ุดูุก ุงูุขู ูุนูู
[2025-11-13 08:19:48] ๐น ุฅููุงู ุฃู ุนูููุงุช ูุฏููุฉ ๐น
[2025-11-13 08:19:49] ๐น ุชุดุบูู ุงูุณูุฑูุฑ ูngrok ๐น
[2025-11-13 08:20:15] ุฑุงุจุท ngrok: https://multisegmented-spiriferous-alesia.ngrok-free.dev
[2025-11-13 08:20:15] ๐น ุฅุนุงุฏุฉ ุชุดุบูู ุฌููุน ุฎุฏูุงุช PM2 ๐น
[2025-11-13 08:20:27] โ ูู ุดูุก ุงูุขู ูุนูู
[2025-11-13 08:20:38] ๐น ุฅููุงู ุฃู ุนูููุงุช ูุฏููุฉ ๐น
[2025-11-13 08:20:38] ๐น ุชุดุบูู ุงูุณูุฑูุฑ ูngrok ๐น
[2025-11-13 08:21:05] ุฑุงุจุท ngrok: https://multisegmented-spiriferous-alesia.ngrok-free.dev
[2025-11-13 08:21:05] ๐น ุฅุนุงุฏุฉ ุชุดุบูู ุฌููุน ุฎุฏูุงุช PM2 ๐น
[2025-11-13 08:21:19] โ ูู ุดูุก ุงูุขู ูุนูู
[2025-11-13 08:21:29] ๐น ุฅููุงู ุฃู ุนูููุงุช ูุฏููุฉ ๐น
[2025-11-13 08:21:29] ๐น ุชุดุบูู ุงูุณูุฑูุฑ ูngrok ๐น
[2025-11-13 08:21:55] ุฑุงุจุท ngrok: https://multisegmented-spiriferous-alesia.ngrok-free.dev
[2025-11-13 08:21:55] ๐น ุฅุนุงุฏุฉ ุชุดุบูู ุฌููุน ุฎุฏูุงุช PM2 ๐น
[2025-11-13 08:22:10] โ ูู ุดูุก ุงูุขู ูุนูู
[2025-11-13 08:22:20] ๐น ุฅููุงู ุฃู ุนูููุงุช ูุฏููุฉ ๐น
[2025-11-13 08:22:21] ๐น ุชุดุบูู ุงูุณูุฑูุฑ ูngrok ๐น
[2025-11-13 08:22:50] ุฑุงุจุท ngrok: https://multisegmented-spiriferous-alesia.ngrok-free.dev
[2025-11-13 08:22:50] ๐น ุฅุนุงุฏุฉ ุชุดุบูู ุฌููุน ุฎุฏูุงุช PM2 ๐น
[2025-11-13 08:23:06] โ ูู ุดูุก ุงูุขู ูุนูู
[2025-11-13 08:23:17] ๐น ุฅููุงู ุฃู ุนูููุงุช ูุฏููุฉ ๐น
[2025-11-13 08:23:17] ๐น ุชุดุบูู ุงูุณูุฑูุฑ ูngrok ๐น
[2025-11-13 08:23:41] ุฑุงุจุท ngrok: https://multisegmented-spiriferous-alesia.ngrok-free.dev
[2025-11-13 08:23:41] ๐น ุฅุนุงุฏุฉ ุชุดุบูู ุฌููุน ุฎุฏูุงุช PM2 ๐น
[2025-11-13 08:23:54] โ ูู ุดูุก ุงูุขู ูุนูู
[2025-11-13 08:24:05] ๐น ุฅููุงู ุฃู ุนูููุงุช ูุฏููุฉ ๐น
[2025-11-13 08:24:05] ๐น ุชุดุบูู ุงูุณูุฑูุฑ ูngrok ๐น
[2025-11-13 08:24:43] ุฑุงุจุท ngrok: https://multisegmented-spiriferous-alesia.ngrok-free.dev
[2025-11-13 08:24:43] ๐น ุฅุนุงุฏุฉ ุชุดุบูู ุฌููุน ุฎุฏูุงุช PM2 ๐น
[2025-11-13 08:25:05] โ ูู ุดูุก ุงูุขู ูุนูู
[2025-11-13 08:25:15] ๐น ุฅููุงู ุฃู ุนูููุงุช ูุฏููุฉ ๐น
[2025-11-13 08:25:16] ๐น ุชุดุบูู ุงูุณูุฑูุฑ ูngrok ๐น
[2025-11-13 08:26:00] ุฑุงุจุท ngrok: https://multisegmented-spiriferous-alesia.ngrok-free.dev
[2025-11-13 08:26:00] ๐น ุฅุนุงุฏุฉ ุชุดุบูู ุฌููุน ุฎุฏูุงุช PM2 ๐น
[2025-11-13 08:26:21] โ ูู ุดูุก ุงูุขู ูุนูู
[2025-11-13 08:26:32] ๐น ุฅููุงู ุฃู ุนูููุงุช ูุฏููุฉ ๐น
[2025-11-13 08:26:32] ๐น ุชุดุบูู ุงูุณูุฑูุฑ ูngrok ๐น
[2025-11-13 08:27:12] ุฑุงุจุท ngrok: https://multisegmented-spiriferous-alesia.ngrok-free.dev
[2025-11-13 08:27:12] ๐น ุฅุนุงุฏุฉ ุชุดุบูู ุฌููุน ุฎุฏูุงุช PM2 ๐น
[2025-11-13 08:27:24] โ ูู ุดูุก ุงูุขู ูุนูู
[2025-11-13 08:27:35] ๐น ุฅููุงู ุฃู ุนูููุงุช ูุฏููุฉ ๐น
[2025-11-13 08:27:35] ๐น ุชุดุบูู ุงูุณูุฑูุฑ ูngrok ๐น
[2025-11-13 08:28:02] ุฑุงุจุท ngrok: https://multisegmented-spiriferous-alesia.ngrok-free.dev
[2025-11-13 08:28:02] ๐น ุฅุนุงุฏุฉ ุชุดุบูู ุฌููุน ุฎุฏูุงุช PM2 ๐น
[2025-11-13 08:28:19] โ ูู ุดูุก ุงูุขู ูุนูู
[2025-11-13 08:28:29] ๐น ุฅููุงู ุฃู ุนูููุงุช ูุฏููุฉ ๐น
[2025-11-13 08:28:30] ๐น ุชุดุบูู ุงูุณูุฑูุฑ ูngrok ๐น
[2025-11-13 08:28:59] ุฑุงุจุท ngrok: https://multisegmented-spiriferous-alesia.ngrok-free.dev
[2025-11-13 08:29:00] ๐น ุฅุนุงุฏุฉ ุชุดุบูู ุฌููุน ุฎุฏูุงุช PM2 ๐น
[2025-11-13 08:29:13] โ ูู ุดูุก ุงูุขู ูุนูู
[2025-11-13 08:29:23] ๐น ุฅููุงู ุฃู ุนูููุงุช ูุฏููุฉ ๐น
[2025-11-13 08:29:23] ๐น ุชุดุบูู ุงูุณูุฑูุฑ ูngrok ๐น
[2025-11-13 08:29:52] ๐น ุฅุนุงุฏุฉ ุชุดุบูู ุฌููุน ุฎุฏูุงุช PM2 ๐น
[2025-11-13 08:30:30] โ ูู ุดูุก ุงูุขู ูุนูู
[2025-11-13 08:30:40] ๐น ุฅููุงู ุฃู ุนูููุงุช ูุฏููุฉ ๐น
[2025-11-13 08:30:42] ๐น ุชุดุบูู ุงูุณูุฑูุฑ ูngrok ๐น
[2025-11-13 08:31:39] ุฑุงุจุท ngrok: https://multisegmented-spiriferous-alesia.ngrok-free.dev
[2025-11-13 08:31:39] ๐น ุฅุนุงุฏุฉ ุชุดุบูู ุฌููุน ุฎุฏูุงุช PM2 ๐น
[2025-11-13 08:32:10] โ ูู ุดูุก ุงูุขู ูุนูู
[2025-11-13 08:32:20] ๐น ุฅููุงู ุฃู ุนูููุงุช ูุฏููุฉ ๐น
[2025-11-13 08:32:21] ๐น ุชุดุบูู ุงูุณูุฑูุฑ ูngrok ๐น
[2025-11-13 08:33:11] ๐น ุฅุนุงุฏุฉ ุชุดุบูู ุฌููุน ุฎุฏูุงุช PM2 ๐น
[2025-11-13 08:33:29] โ ูู ุดูุก ุงูุขู ูุนูู
[2025-11-13 08:33:40] ๐น ุฅููุงู ุฃู ุนูููุงุช ูุฏููุฉ ๐น
[2025-11-13 08:33:41] ๐น ุชุดุบูู ุงูุณูุฑูุฑ ูngrok ๐น
[2025-11-13 08:34:23] ุฑุงุจุท ngrok: https://multisegmented-spiriferous-alesia.ngrok-free.dev
[2025-11-13 08:34:23] ๐น ุฅุนุงุฏุฉ ุชุดุบูู ุฌููุน ุฎุฏูุงุช PM2 ๐น
[2025-11-13 08:34:50] โ ูู ุดูุก ุงูุขู ูุนูู
[2025-11-13 08:35:00] ๐น ุฅููุงู ุฃู ุนูููุงุช ูุฏููุฉ ๐น
[2025-11-13 08:35:01] ๐น ุชุดุบูู ุงูุณูุฑูุฑ ูngrok ๐น
[2025-11-13 08:35:46] ุฑุงุจุท ngrok: https://multisegmented-spiriferous-alesia.ngrok-free.dev
[2025-11-13 08:35:46] ๐น ุฅุนุงุฏุฉ ุชุดุบูู ุฌููุน ุฎุฏูุงุช PM2 ๐น
[2025-11-13 08:35:57] โ ูู ุดูุก ุงูุขู ูุนูู
[2025-11-13 08:36:08] ๐น ุฅููุงู ุฃู ุนูููุงุช ูุฏููุฉ ๐น
[2025-11-13 08:36:08] ๐น ุชุดุบูู ุงูุณูุฑูุฑ ูngrok ๐น
[2025-11-13 08:36:36] ๐น ุฅุนุงุฏุฉ ุชุดุบูู ุฌููุน ุฎุฏูุงุช PM2 ๐น
[2025-11-13 08:37:06] โ ูู ุดูุก ุงูุขู ูุนูู
[2025-11-13 08:37:17] ๐น ุฅููุงู ุฃู ุนูููุงุช ูุฏููุฉ ๐น
[2025-11-13 08:37:18] ๐น ุชุดุบูู ุงูุณูุฑูุฑ ูngrok ๐น
[2025-11-13 08:37:56] ๐น ุฅุนุงุฏุฉ ุชุดุบูู ุฌููุน ุฎุฏูุงุช PM2 ๐น
[2025-11-13 08:38:23] โ ูู ุดูุก ุงูุขู ูุนูู
[2025-11-13 08:38:34] ๐น ุฅููุงู ุฃู ุนูููุงุช ูุฏููุฉ ๐น
[2025-11-13 08:38:35] ๐น ุชุดุบูู ุงูุณูุฑูุฑ ูngrok ๐น
[2025-11-13 08:40:01] ๐น ุฅุนุงุฏุฉ ุชุดุบูู ุฌููุน ุฎุฏูุงุช PM2 ๐น
[2025-11-13 08:40:34] โ ูู ุดูุก ุงูุขู ูุนูู
[2025-11-13 08:40:45] ๐น ุฅููุงู ุฃู ุนูููุงุช ูุฏููุฉ ๐น
[2025-11-13 08:40:47] ๐น ุชุดุบูู ุงูุณูุฑูุฑ ูngrok ๐น
[2025-11-13 08:42:30] ๐น ุฅุนุงุฏุฉ ุชุดุบูู ุฌููุน ุฎุฏูุงุช PM2 ๐น
[2025-11-13 08:43:25] โ ูู ุดูุก ุงูุขู ูุนูู
[2025-11-13 08:43:37] ๐น ุฅููุงู ุฃู ุนูููุงุช ูุฏููุฉ ๐น
[2025-11-13 08:43:38] ๐น ุชุดุบูู ุงูุณูุฑูุฑ ูngrok ๐น
[2025-11-13 08:46:30] ๐น ุฅุนุงุฏุฉ ุชุดุบูู ุฌููุน ุฎุฏูุงุช PM2 ๐น
[2025-11-13 08:47:34] โ ูู ุดูุก ุงูุขู ูุนูู
[2025-11-13 08:47:45] ๐น ุฅููุงู ุฃู ุนูููุงุช ูุฏููุฉ ๐น
[2025-11-13 08:47:48] ๐น ุชุดุบูู ุงูุณูุฑูุฑ ูngrok ๐น
[2025-11-13 08:49:50] ๐น ุฅุนุงุฏุฉ ุชุดุบูู ุฌููุน ุฎุฏูุงุช PM2 ๐น
[2025-11-13 08:50:14] โ ูู ุดูุก ุงูุขู ูุนูู
[2025-11-13 08:50:25] ๐น ุฅููุงู ุฃู ุนูููุงุช ูุฏููุฉ ๐น
[2025-11-13 08:50:27] ๐น ุชุดุบูู ุงูุณูุฑูุฑ ูngrok ๐น
[2025-11-13 08:51:32] ุฑุงุจุท ngrok: https://multisegmented-spiriferous-alesia.ngrok-free.dev
[2025-11-13 08:51:32] ๐น ุฅุนุงุฏุฉ ุชุดุบูู ุฌููุน ุฎุฏูุงุช PM2 ๐น
[2025-11-13 08:51:58] โ ูู ุดูุก ุงูุขู ูุนูู
[2025-11-13 08:52:09] ๐น ุฅููุงู ุฃู ุนูููุงุช ูุฏููุฉ ๐น
[2025-11-13 08:52:09] ๐น ุชุดุบูู ุงูุณูุฑูุฑ ูngrok ๐น
[2025-11-13 08:52:45] ุฑุงุจุท ngrok: https://multisegmented-spiriferous-alesia.ngrok-free.dev
[2025-11-13 08:52:45] ๐น ุฅุนุงุฏุฉ ุชุดุบูู ุฌููุน ุฎุฏูุงุช PM2 ๐น
[2025-11-13 08:53:00] โ ูู ุดูุก ุงูุขู ูุนูู
[2025-11-13 08:53:11] ๐น ุฅููุงู ุฃู ุนูููุงุช ูุฏููุฉ ๐น
[2025-11-13 08:53:11] ๐น ุชุดุบูู ุงูุณูุฑูุฑ ูngrok ๐น
[2025-11-13 08:53:55] ุฑุงุจุท ngrok: https://multisegmented-spiriferous-alesia.ngrok-free.dev
[2025-11-13 08:53:55] ๐น ุฅุนุงุฏุฉ ุชุดุบูู ุฌููุน ุฎุฏูุงุช PM2 ๐น
[2025-11-13 08:54:40] โ ูู ุดูุก ุงูุขู ูุนูู
[2025-11-13 08:54:51] ๐น ุฅููุงู ุฃู ุนูููุงุช ูุฏููุฉ ๐น
[2025-11-13 08:54:51] ๐น ุชุดุบูู ุงูุณูุฑูุฑ ูngrok ๐น
[2025-11-13 08:56:18] ุฑุงุจุท ngrok: https://multisegmented-spiriferous-alesia.ngrok-free.dev
[2025-11-13 08:56:19] ๐น ุฅุนุงุฏุฉ ุชุดุบูู ุฌููุน ุฎุฏูุงุช PM2 ๐น
[2025-11-13 08:56:55] โ ูู ุดูุก ุงูุขู ูุนูู
[2025-11-13 08:57:06] ๐น ุฅููุงู ุฃู ุนูููุงุช ูุฏููุฉ ๐น
[2025-11-13 08:57:08] ๐น ุชุดุบูู ุงูุณูุฑูุฑ ูngrok ๐น
[2025-11-13 08:58:17] ๐น ุฅุนุงุฏุฉ ุชุดุบูู ุฌููุน ุฎุฏูุงุช PM2 ๐น
[2025-11-13 08:58:47] โ ูู ุดูุก ุงูุขู ูุนูู
[2025-11-13 08:58:57] ๐น ุฅููุงู ุฃู ุนูููุงุช ูุฏููุฉ ๐น
[2025-11-13 08:58:58] ๐น ุชุดุบูู ุงูุณูุฑูุฑ ูngrok ๐น
[2025-11-13 09:00:14] ๐น ุฅุนุงุฏุฉ ุชุดุบูู ุฌููุน ุฎุฏูุงุช PM2 ๐น
[2025-11-13 09:00:53] โ ูู ุดูุก ุงูุขู ูุนูู
[2025-11-13 09:01:04] ๐น ุฅููุงู ุฃู ุนูููุงุช ูุฏููุฉ ๐น
[2025-11-13 09:01:06] ๐น ุชุดุบูู ุงูุณูุฑูุฑ ูngrok ๐น
[2025-11-13 09:02:24] ๐น ุฅุนุงุฏุฉ ุชุดุบูู ุฌููุน ุฎุฏูุงุช PM2 ๐น
[2025-11-13 09:03:08] โ ูู ุดูุก ุงูุขู ูุนูู
[2025-11-13 09:03:21] ๐น ุฅููุงู ุฃู ุนูููุงุช ูุฏููุฉ ๐น
[2025-11-13 09:03:23] ๐น ุชุดุบูู ุงูุณูุฑูุฑ ูngrok ๐น
[2025-11-13 09:04:38] ๐น ุฅุนุงุฏุฉ ุชุดุบูู ุฌููุน ุฎุฏูุงุช PM2 ๐น
[2025-11-13 09:05:06] โ ูู ุดูุก ุงูุขู ูุนูู
[2025-11-13 09:05:17] ๐น ุฅููุงู ุฃู ุนูููุงุช ูุฏููุฉ ๐น
[2025-11-13 09:05:17] ๐น ุชุดุบูู ุงูุณูุฑูุฑ ูngrok ๐น
[2025-11-13 09:06:15] ๐น ุฅุนุงุฏุฉ ุชุดุบูู ุฌููุน ุฎุฏูุงุช PM2 ๐น
[2025-11-13 09:06:45] โ ูู ุดูุก ุงูุขู ูุนูู
[2025-11-13 09:06:56] ๐น ุฅููุงู ุฃู ุนูููุงุช ูุฏููุฉ ๐น
[2025-11-13 09:06:58] ๐น ุชุดุบูู ุงูุณูุฑูุฑ ูngrok ๐น
